#
# A fatal error has been detected by the Java Runtime Environment:
#
#  EXCEPTION_ACCESS_VIOLATION (0xc0000005) at pc=0x00007ff88083b319, pid=9456, tid=24380
#
# JRE version: OpenJDK Runtime Environment Temurin-21.0.4+7 (21.0.4+7) (build 21.0.4+7-LTS)
# Java VM: OpenJDK 64-Bit Server VM Temurin-21.0.4+7 (21.0.4+7-LTS, mixed mode, sharing, tiered, compressed oops, compressed class ptrs, g1 gc, windows-amd64)
# Problematic frame:
# C  [awt.dll+0xdb319]
#
# No core dump will be written. Minidumps are not enabled by default on client versions of Windows
#
# If you would like to submit a bug report, please visit:
#   https://github.com/adoptium/adoptium-support/issues
# The crash happened outside the Java Virtual Machine in native code.
# See problematic frame for where to report the bug.
#

---------------  S U M M A R Y ------------

Command Line: -ea -agentlib:jdwp=transport=dt_shmem,address=javadebug -Dfile.encoding=UTF-8 bluej.runtime.ExecServer UTF-8

Host: 12th Gen Intel(R) Core(TM) i5-1240P, 16 cores, 15G,  Windows 11 , 64 bit Build 26100 (10.0.26100.4484)
Time: Wed Aug 20 09:44:00 2025 Nepal Standard Time elapsed time: 5.617312 seconds (0d 0h 0m 5s)

---------------  T H R E A D  ---------------

Current thread (0x00000234a80a9e30):  JavaThread "AWT-EventQueue-0"        [_thread_in_native, id=24380, stack(0x000000602a700000,0x000000602a800000) (1024K)]

Stack: [0x000000602a700000,0x000000602a800000],  sp=0x000000602a7fecb0,  free space=1019k
Native frames: (J=compiled Java code, j=interpreted, Vv=VM code, C=native code)
C  [awt.dll+0xdb319]

Java frames: (J=compiled Java code, j=interpreted, Vv=VM code)
j  sun.awt.Win32GraphicsConfig.getBounds(I)Ljava/awt/Rectangle;+0 java.desktop@21.0.4
j  sun.awt.Win32GraphicsConfig.getBounds()Ljava/awt/Rectangle;+8 java.desktop@21.0.4
j  sun.awt.Win32GraphicsDevice.displayChanged()V+23 java.desktop@21.0.4
j  sun.awt.Win32GraphicsEnvironment.displayChanged()V+271 java.desktop@21.0.4
j  sun.awt.windows.WToolkit.lambda$displayChanged$4()V+15 java.desktop@21.0.4
j  sun.awt.windows.WToolkit$$Lambda+0x000002346406f358.run()V+0 java.desktop@21.0.4
j  java.awt.event.InvocationEvent.dispatch()V+47 java.desktop@21.0.4
j  java.awt.EventQueue.dispatchEventImpl(Ljava/awt/AWTEvent;Ljava/lang/Object;)V+21 java.desktop@21.0.4
j  java.awt.EventQueue$4.run()Ljava/lang/Void;+32 java.desktop@21.0.4
j  java.awt.EventQueue$4.run()Ljava/lang/Object;+1 java.desktop@21.0.4
j  java.security.AccessController.executePrivileged(Ljava/security/PrivilegedAction;Ljava/security/AccessControlContext;Ljava/lang/Class;)Ljava/lang/Object;+29 java.base@21.0.4
j  java.security.AccessController.doPrivileged(Ljava/security/PrivilegedAction;Ljava/security/AccessControlContext;)Ljava/lang/Object;+13 java.base@21.0.4
j  java.security.ProtectionDomain$JavaSecurityAccessImpl.doIntersectionPrivilege(Ljava/security/PrivilegedAction;Ljava/security/AccessControlContext;Ljava/security/AccessControlContext;)Ljava/lang/Object;+18 java.base@21.0.4
j  java.awt.EventQueue.dispatchEvent(Ljava/awt/AWTEvent;)V+46 java.desktop@21.0.4
j  java.awt.EventDispatchThread.pumpOneEventForFilters(I)V+81 java.desktop@21.0.4
j  java.awt.EventDispatchThread.pumpEventsForFilter(ILjava/awt/Conditional;Ljava/awt/EventFilter;)V+35 java.desktop@21.0.4
j  java.awt.EventDispatchThread.pumpEventsForHierarchy(ILjava/awt/Conditional;Ljava/awt/Component;)V+11 java.desktop@21.0.4
j  java.awt.EventDispatchThread.pumpEvents(ILjava/awt/Conditional;)V+4 java.desktop@21.0.4
j  java.awt.EventDispatchThread.pumpEvents(Ljava/awt/Conditional;)V+3 java.desktop@21.0.4
j  java.awt.EventDispatchThread.run()V+9 java.desktop@21.0.4
v  ~StubRoutines::call_stub 0x0000023451d0100d

siginfo: EXCEPTION_ACCESS_VIOLATION (0xc0000005), reading address 0x0000000000000028


Registers:
RAX=0x0000000000000000, RBX=0x00000234627bed70, RCX=0x0000000000000000, RDX=0x0000000000000000
RSP=0x000000602a7fecb0, RBP=0x0000000000000000, RSI=0x0000000000000000, RDI=0x0000000000000000
R8 =0x0000000000000001, R9 =0x00000060285ed000, R10=0x00000234a80a7b30, R11=0x00000234a424fbf8
R12=0x0000000000000000, R13=0x00000234a80548b0, R14=0x00000234a8079060, R15=0x0000000000000000
RIP=0x00007ff88083b319, EFLAGS=0x0000000000010246


Register to memory mapping:

RAX=0x0 is null
RBX=0x00000234627bed70 points into unknown readable memory: 0x00000234a80a7010 | 10 70 0a a8 34 02 00 00
RCX=0x0 is null
RDX=0x0 is null
RSP=0x000000602a7fecb0 is pointing into the stack for thread: 0x00000234a80a9e30
RBP=0x0 is null
RSI=0x0 is null
RDI=0x0 is null
R8 =0x0000000000000001 is an unknown value
R9 =0x00000060285ed000 points into unknown readable memory: 0x0000000000000000 | 00 00 00 00 00 00 00 00
R10=0x00000234a80a7b30 points into unknown readable memory: 0x0000001e00000003 | 03 00 00 00 1e 00 00 00
R11={method} {0x00000234a424fc00} '<init>' '(IIII)V' in 'java/awt/Rectangle'
R12=0x0 is null
R13=0x00000234a80548b0 points into unknown readable memory: 0x00000234a424fbf8 | f8 fb 24 a4 34 02 00 00
R14=0x00000234a8079060 points into unknown readable memory: 0x000000071ac75030 | 30 50 c7 1a 07 00 00 00
R15=0x0 is null

Top of Stack: (sp=0x000000602a7fecb0)
0x000000602a7fecb0:   00007ff88089a848 00000234627bed70
0x000000602a7fecc0:   00000234a80aa1e8 00000234627bed70
0x000000602a7fecd0:   00000234a80aa1e8 00007ff88083a6a8
0x000000602a7fece0:   00000234627bed70 00000234627bed70
0x000000602a7fecf0:   0000000000000120 00000234a80aa1e8
0x000000602a7fed00:   000000071ac72f60 00000234a423f558
0x000000602a7fed10:   0000000000000000 000000602a7fed30
0x000000602a7fed20:   0000000000000000 0000000000000000
0x000000602a7fed30:   00001f1c5cf28ee3 000000071ac73868
0x000000602a7fed40:   00000234a80a9e30 000000602a7fee28
0x000000602a7fed50:   00000234a424b8b0 0000000000000000
0x000000602a7fed60:   0000023451d095b8 0000000000000120
0x000000602a7fed70:   000000602a7fee00 0000023451d107b6
0x000000602a7fed80:   000000602a7fed98 00000234a424b8b0
0x000000602a7fed90:   0000023451d091b4 0000000000000000
0x000000602a7feda0:   000000071ac73868 000000071ac755a8
0x000000602a7fedb0:   000000071ac755a8 000000602a7fedb8
0x000000602a7fedc0:   0000000000000000 0000000000000005
0x000000602a7fedd0:   00000234a424dcc8 0000000000000000
0x000000602a7fede0:   000000071ac74ca8 00000234a424b8b0
0x000000602a7fedf0:   0000000000000000 000000602a7fee20
0x000000602a7fee00:   000000602a7fee78 0000023451d096b9
0x000000602a7fee10:   0000000000000000 0000023451d0c6fa
0x000000602a7fee20:   0000000000000000 000000071ac755a8
0x000000602a7fee30:   000000602a7fee30 00000234a424b958
0x000000602a7fee40:   0000000000000002 00000234a424dcc8
0x000000602a7fee50:   0000000000000000 000000071ac74ca8
0x000000602a7fee60:   00000234a424b970 000000602a7fee20
0x000000602a7fee70:   000000602a7fee88 000000602a7feed8
0x000000602a7fee80:   0000023451d096b9 000000071ac755a8
0x000000602a7fee90:   000000602a7fee90 00000234a423f3af
0x000000602a7feea0:   0000000000000003 00000234a42404c8 

Instructions: (pc=0x00007ff88083b319)
0x00007ff88083b219:   cc cc cc cc cc cc cc 48 89 5c 24 08 48 89 6c 24
0x00007ff88083b229:   10 48 89 74 24 18 57 48 83 ec 20 41 8b f8 0f b6
0x00007ff88083b239:   f2 48 8b e9 e8 0e cb f4 ff 48 8b d8 48 89 44 24
0x00007ff88083b249:   48 41 b8 01 00 00 00 8b d7 48 8b c8 e8 66 ca f4
0x00007ff88083b259:   ff 48 8b c8 44 0f b6 c6 48 8b d5 e8 97 fa ff ff
0x00007ff88083b269:   48 8b f8 48 8b cb e8 9c cc f4 ff 90 48 8b c7 48
0x00007ff88083b279:   8b 5c 24 30 48 8b 6c 24 38 48 8b 74 24 40 48 83
0x00007ff88083b289:   c4 20 5f c3 cc cc cc 48 8b 49 28 e9 37 07 00 00
0x00007ff88083b299:   cc cc cc cc cc cc cc 48 89 5c 24 08 57 48 83 ec
0x00007ff88083b2a9:   20 8b f9 e8 9f ca f4 ff 48 8b d8 48 89 44 24 38
0x00007ff88083b2b9:   41 b8 01 00 00 00 8b d7 48 8b c8 e8 f7 c9 f4 ff
0x00007ff88083b2c9:   48 8b 08 8b 39 48 8b cb e8 3a cc f4 ff 90 8b c7
0x00007ff88083b2d9:   48 8b 5c 24 30 48 83 c4 20 5f c3 cc cc cc cc cc
0x00007ff88083b2e9:   cc cc cc cc cc cc cc 48 89 5c 24 08 57 48 83 ec
0x00007ff88083b2f9:   20 8b f9 e8 4f ca f4 ff 48 8b d8 48 89 44 24 38
0x00007ff88083b309:   41 b8 01 00 00 00 8b d7 48 8b c8 e8 a7 c9 f4 ff
0x00007ff88083b319:   48 8b 78 28 48 8b cb e8 eb cb f4 ff 90 48 8b c7
0x00007ff88083b329:   48 8b 5c 24 30 48 83 c4 20 5f c3 cc cc cc cc cc
0x00007ff88083b339:   cc cc cc cc cc cc cc 48 89 5c 24 08 57 48 83 ec
0x00007ff88083b349:   20 8b f9 e8 ff c9 f4 ff 48 8b d8 48 89 44 24 38
0x00007ff88083b359:   41 b8 01 00 00 00 8b d7 48 8b c8 e8 57 c9 f4 ff
0x00007ff88083b369:   48 8b 78 30 48 8b cb e8 9b cb f4 ff 90 48 8b c7
0x00007ff88083b379:   48 8b 5c 24 30 48 83 c4 20 5f c3 cc cc cc cc cc
0x00007ff88083b389:   cc cc cc cc cc cc cc 48 89 5c 24 08 57 48 83 ec
0x00007ff88083b399:   20 8b f9 e8 af c9 f4 ff 48 8b d8 48 89 44 24 38
0x00007ff88083b3a9:   41 b8 01 00 00 00 8b d7 48 8b c8 e8 07 c9 f4 ff
0x00007ff88083b3b9:   48 8b 78 08 48 85 ff 74 07 48 8b bf 08 0c 00 00
0x00007ff88083b3c9:   48 8b cb e8 3f cb f4 ff 90 48 8b c7 48 8b 5c 24
0x00007ff88083b3d9:   30 48 83 c4 20 5f c3 f3 0f 10 41 48 c3 cc cc cc
0x00007ff88083b3e9:   cc cc cc cc cc cc cc f3 0f 10 41 4c c3 cc cc cc
0x00007ff88083b3f9:   cc cc cc cc cc cc cc 48 89 5c 24 10 48 89 6c 24
0x00007ff88083b409:   18 48 89 74 24 20 57 48 81 ec 20 01 00 00 48 8b 


Stack slot to memory mapping:

stack at sp + 0 slots: 0x00007ff88089a848 awt.dll
stack at sp + 1 slots: 0x00000234627bed70 points into unknown readable memory: 0x00000234a80a7010 | 10 70 0a a8 34 02 00 00
stack at sp + 2 slots: 0x00000234a80aa1e8 points into unknown readable memory: 0x00007ffffcb847b0 | b0 47 b8 fc ff 7f 00 00
stack at sp + 3 slots: 0x00000234627bed70 points into unknown readable memory: 0x00000234a80a7010 | 10 70 0a a8 34 02 00 00
stack at sp + 4 slots: 0x00000234a80aa1e8 points into unknown readable memory: 0x00007ffffcb847b0 | b0 47 b8 fc ff 7f 00 00
stack at sp + 5 slots: 0x00007ff88083a6a8 awt.dll
stack at sp + 6 slots: 0x00000234627bed70 points into unknown readable memory: 0x00000234a80a7010 | 10 70 0a a8 34 02 00 00
stack at sp + 7 slots: 0x00000234627bed70 points into unknown readable memory: 0x00000234a80a7010 | 10 70 0a a8 34 02 00 00


---------------  P R O C E S S  ---------------

Threads class SMR info:
_java_thread_list=0x00000234a80a7540, length=20, elements={
0x0000023462517330, 0x0000023462519da0, 0x000002346251dd40, 0x000002346251ec30,
0x00000234625246b0, 0x0000023462526640, 0x00000234625313d0, 0x0000023462532e80,
0x00000234627fd010, 0x00000234627f9350, 0x0000023462809b70, 0x0000023462527360,
0x0000023462528710, 0x0000023462528080, 0x0000023462525920, 0x0000023462525290,
0x0000023462526cd0, 0x00000234625279f0, 0x0000023462525fb0, 0x00000234a80a9e30
}

Java Threads: ( => current thread )
  0x0000023462517330 JavaThread "Reference Handler"          daemon [_thread_blocked, id=17096, stack(0x0000006029200000,0x0000006029300000) (1024K)]
  0x0000023462519da0 JavaThread "Finalizer"                  daemon [_thread_blocked, id=13972, stack(0x0000006029300000,0x0000006029400000) (1024K)]
  0x000002346251dd40 JavaThread "Signal Dispatcher"          daemon [_thread_blocked, id=9408, stack(0x0000006029400000,0x0000006029500000) (1024K)]
  0x000002346251ec30 JavaThread "Attach Listener"            daemon [_thread_blocked, id=17288, stack(0x0000006029500000,0x0000006029600000) (1024K)]
  0x00000234625246b0 JavaThread "Service Thread"             daemon [_thread_blocked, id=20568, stack(0x0000006029600000,0x0000006029700000) (1024K)]
  0x0000023462526640 JavaThread "Monitor Deflation Thread"   daemon [_thread_blocked, id=5304, stack(0x0000006029700000,0x0000006029800000) (1024K)]
  0x00000234625313d0 JavaThread "C2 CompilerThread0"         daemon [_thread_blocked, id=9220, stack(0x0000006029800000,0x0000006029900000) (1024K)]
  0x0000023462532e80 JavaThread "C1 CompilerThread0"         daemon [_thread_blocked, id=18688, stack(0x0000006029900000,0x0000006029a00000) (1024K)]
  0x00000234627fd010 JavaThread "JDWP Transport Listener: dt_shmem" daemon [_thread_blocked, id=6608, stack(0x0000006029d00000,0x0000006029e00000) (1024K)]
  0x00000234627f9350 JavaThread "JDWP Event Helper Thread"   daemon [_thread_blocked, id=15716, stack(0x0000006029e00000,0x0000006029f00000) (1024K)]
  0x0000023462809b70 JavaThread "JDWP Command Reader"        daemon [_thread_in_native, id=16376, stack(0x0000006029f00000,0x000000602a000000) (1024K)]
  0x0000023462527360 JavaThread "Notification Thread"        daemon [_thread_blocked, id=9900, stack(0x000000602a000000,0x000000602a100000) (1024K)]
  0x0000023462528710 JavaThread "Common-Cleaner"             daemon [_thread_blocked, id=27608, stack(0x000000602a100000,0x000000602a200000) (1024K)]
  0x0000023462528080 JavaThread "Java2D Disposer"            daemon [_thread_blocked, id=15116, stack(0x000000602a200000,0x000000602a300000) (1024K)]
  0x0000023462525920 JavaThread "AWT-Windows"                daemon [_thread_in_native, id=11744, stack(0x000000602a400000,0x000000602a500000) (1024K)]
  0x0000023462525290 JavaThread "main"                              [_thread_blocked, id=20156, stack(0x000000602a500000,0x000000602a600000) (1024K)]
  0x0000023462526cd0 JavaThread "BlueJ worker thread"               [_thread_blocked, id=18212, stack(0x000000602a600000,0x000000602a700000) (1024K)]
  0x00000234625279f0 JavaThread "DestroyJavaVM"                     [_thread_blocked, id=24280, stack(0x0000006028a00000,0x0000006028b00000) (1024K)]
  0x0000023462525fb0 JavaThread "AWT-Shutdown"                      [_thread_blocked, id=24848, stack(0x000000602a300000,0x000000602a400000) (1024K)]
=>0x00000234a80a9e30 JavaThread "AWT-EventQueue-0"                  [_thread_in_native, id=24380, stack(0x000000602a700000,0x000000602a800000) (1024K)]
Total: 20

Other Threads:
  0x00000234624fbbc0 VMThread "VM Thread"                           [id=18924, stack(0x0000006029100000,0x0000006029200000) (1024K)]
  0x00000234624e2c80 WatcherThread "VM Periodic Task Thread"        [id=10296, stack(0x0000006029000000,0x0000006029100000) (1024K)]
  0x00000234421dc7c0 WorkerThread "GC Thread#0"                     [id=3904, stack(0x0000006028b00000,0x0000006028c00000) (1024K)]
  0x00000234421ecb70 ConcurrentGCThread "G1 Main Marker"            [id=21056, stack(0x0000006028c00000,0x0000006028d00000) (1024K)]
  0x00000234421eed00 WorkerThread "G1 Conc#0"                       [id=23664, stack(0x0000006028d00000,0x0000006028e00000) (1024K)]
  0x00000234623a31f0 ConcurrentGCThread "G1 Refine#0"               [id=4732, stack(0x0000006028e00000,0x0000006028f00000) (1024K)]
  0x00000234623a4e20 ConcurrentGCThread "G1 Service"                [id=21444, stack(0x0000006028f00000,0x0000006029000000) (1024K)]
Total: 7

Threads with active compile tasks:
Total: 0

VM state: not at safepoint (normal execution)

VM Mutex/Monitor currently owned by a thread: None

Heap address: 0x000000070c200000, size: 3902 MB, Compressed Oops mode: Zero based, Oop shift amount: 3

CDS archive(s) mapped at: [0x0000023463000000-0x0000023463c90000-0x0000023463c90000), size 13172736, SharedBaseAddress: 0x0000023463000000, ArchiveRelocationMode: 1.
Compressed class space mapped at: 0x0000023464000000-0x00000234a4000000, reserved size: 1073741824
Narrow klass base: 0x0000023463000000, Narrow klass shift: 0, Narrow klass range: 0x100000000

GC Precious Log:
 CardTable entry size: 512
 Card Set container configuration: InlinePtr #cards 4 size 8 Array Of Cards #cards 16 size 48 Howl #buckets 8 coarsen threshold 3686 Howl Bitmap #cards 512 size 80 coarsen threshold 460 Card regions per heap region 1 cards per card region 4096
 CPUs: 16 total, 16 available
 Memory: 15606M
 Large Page Support: Disabled
 NUMA Support: Disabled
 Compressed Oops: Enabled (Zero based)
 Heap Region Size: 2M
 Heap Min Capacity: 8M
 Heap Initial Capacity: 244M
 Heap Max Capacity: 3902M
 Pre-touch: Disabled
 Parallel Workers: 13
 Concurrent Workers: 3
 Concurrent Refinement Workers: 13
 Periodic GC: Disabled

Heap:
 garbage-first heap   total 249856K, used 8192K [0x000000070c200000, 0x0000000800000000)
  region size 2048K, 5 young (10240K), 0 survivors (0K)
 Metaspace       used 2748K, committed 2880K, reserved 1114112K
  class space    used 254K, committed 320K, reserved 1048576K

Heap Regions: E=young(eden), S=young(survivor), O=old, HS=humongous(starts), HC=humongous(continues), CS=collection set, F=free, TAMS=top-at-mark-start, PB=parsable bottom
|   0|0x000000070c200000, 0x000000070c200000, 0x000000070c400000|  0%| F|  |TAMS 0x000000070c200000| PB 0x000000070c200000| Untracked 
|   1|0x000000070c400000, 0x000000070c400000, 0x000000070c600000|  0%| F|  |TAMS 0x000000070c400000| PB 0x000000070c400000| Untracked 
|   2|0x000000070c600000, 0x000000070c600000, 0x000000070c800000|  0%| F|  |TAMS 0x000000070c600000| PB 0x000000070c600000| Untracked 
|   3|0x000000070c800000, 0x000000070c800000, 0x000000070ca00000|  0%| F|  |TAMS 0x000000070c800000| PB 0x000000070c800000| Untracked 
|   4|0x000000070ca00000, 0x000000070ca00000, 0x000000070cc00000|  0%| F|  |TAMS 0x000000070ca00000| PB 0x000000070ca00000| Untracked 
|   5|0x000000070cc00000, 0x000000070cc00000, 0x000000070ce00000|  0%| F|  |TAMS 0x000000070cc00000| PB 0x000000070cc00000| Untracked 
|   6|0x000000070ce00000, 0x000000070ce00000, 0x000000070d000000|  0%| F|  |TAMS 0x000000070ce00000| PB 0x000000070ce00000| Untracked 
|   7|0x000000070d000000, 0x000000070d000000, 0x000000070d200000|  0%| F|  |TAMS 0x000000070d000000| PB 0x000000070d000000| Untracked 
|   8|0x000000070d200000, 0x000000070d200000, 0x000000070d400000|  0%| F|  |TAMS 0x000000070d200000| PB 0x000000070d200000| Untracked 
|   9|0x000000070d400000, 0x000000070d400000, 0x000000070d600000|  0%| F|  |TAMS 0x000000070d400000| PB 0x000000070d400000| Untracked 
|  10|0x000000070d600000, 0x000000070d600000, 0x000000070d800000|  0%| F|  |TAMS 0x000000070d600000| PB 0x000000070d600000| Untracked 
|  11|0x000000070d800000, 0x000000070d800000, 0x000000070da00000|  0%| F|  |TAMS 0x000000070d800000| PB 0x000000070d800000| Untracked 
|  12|0x000000070da00000, 0x000000070da00000, 0x000000070dc00000|  0%| F|  |TAMS 0x000000070da00000| PB 0x000000070da00000| Untracked 
|  13|0x000000070dc00000, 0x000000070dc00000, 0x000000070de00000|  0%| F|  |TAMS 0x000000070dc00000| PB 0x000000070dc00000| Untracked 
|  14|0x000000070de00000, 0x000000070de00000, 0x000000070e000000|  0%| F|  |TAMS 0x000000070de00000| PB 0x000000070de00000| Untracked 
|  15|0x000000070e000000, 0x000000070e000000, 0x000000070e200000|  0%| F|  |TAMS 0x000000070e000000| PB 0x000000070e000000| Untracked 
|  16|0x000000070e200000, 0x000000070e200000, 0x000000070e400000|  0%| F|  |TAMS 0x000000070e200000| PB 0x000000070e200000| Untracked 
|  17|0x000000070e400000, 0x000000070e400000, 0x000000070e600000|  0%| F|  |TAMS 0x000000070e400000| PB 0x000000070e400000| Untracked 
|  18|0x000000070e600000, 0x000000070e600000, 0x000000070e800000|  0%| F|  |TAMS 0x000000070e600000| PB 0x000000070e600000| Untracked 
|  19|0x000000070e800000, 0x000000070e800000, 0x000000070ea00000|  0%| F|  |TAMS 0x000000070e800000| PB 0x000000070e800000| Untracked 
|  20|0x000000070ea00000, 0x000000070ea00000, 0x000000070ec00000|  0%| F|  |TAMS 0x000000070ea00000| PB 0x000000070ea00000| Untracked 
|  21|0x000000070ec00000, 0x000000070ec00000, 0x000000070ee00000|  0%| F|  |TAMS 0x000000070ec00000| PB 0x000000070ec00000| Untracked 
|  22|0x000000070ee00000, 0x000000070ee00000, 0x000000070f000000|  0%| F|  |TAMS 0x000000070ee00000| PB 0x000000070ee00000| Untracked 
|  23|0x000000070f000000, 0x000000070f000000, 0x000000070f200000|  0%| F|  |TAMS 0x000000070f000000| PB 0x000000070f000000| Untracked 
|  24|0x000000070f200000, 0x000000070f200000, 0x000000070f400000|  0%| F|  |TAMS 0x000000070f200000| PB 0x000000070f200000| Untracked 
|  25|0x000000070f400000, 0x000000070f400000, 0x000000070f600000|  0%| F|  |TAMS 0x000000070f400000| PB 0x000000070f400000| Untracked 
|  26|0x000000070f600000, 0x000000070f600000, 0x000000070f800000|  0%| F|  |TAMS 0x000000070f600000| PB 0x000000070f600000| Untracked 
|  27|0x000000070f800000, 0x000000070f800000, 0x000000070fa00000|  0%| F|  |TAMS 0x000000070f800000| PB 0x000000070f800000| Untracked 
|  28|0x000000070fa00000, 0x000000070fa00000, 0x000000070fc00000|  0%| F|  |TAMS 0x000000070fa00000| PB 0x000000070fa00000| Untracked 
|  29|0x000000070fc00000, 0x000000070fc00000, 0x000000070fe00000|  0%| F|  |TAMS 0x000000070fc00000| PB 0x000000070fc00000| Untracked 
|  30|0x000000070fe00000, 0x000000070fe00000, 0x0000000710000000|  0%| F|  |TAMS 0x000000070fe00000| PB 0x000000070fe00000| Untracked 
|  31|0x0000000710000000, 0x0000000710000000, 0x0000000710200000|  0%| F|  |TAMS 0x0000000710000000| PB 0x0000000710000000| Untracked 
|  32|0x0000000710200000, 0x0000000710200000, 0x0000000710400000|  0%| F|  |TAMS 0x0000000710200000| PB 0x0000000710200000| Untracked 
|  33|0x0000000710400000, 0x0000000710400000, 0x0000000710600000|  0%| F|  |TAMS 0x0000000710400000| PB 0x0000000710400000| Untracked 
|  34|0x0000000710600000, 0x0000000710600000, 0x0000000710800000|  0%| F|  |TAMS 0x0000000710600000| PB 0x0000000710600000| Untracked 
|  35|0x0000000710800000, 0x0000000710800000, 0x0000000710a00000|  0%| F|  |TAMS 0x0000000710800000| PB 0x0000000710800000| Untracked 
|  36|0x0000000710a00000, 0x0000000710a00000, 0x0000000710c00000|  0%| F|  |TAMS 0x0000000710a00000| PB 0x0000000710a00000| Untracked 
|  37|0x0000000710c00000, 0x0000000710c00000, 0x0000000710e00000|  0%| F|  |TAMS 0x0000000710c00000| PB 0x0000000710c00000| Untracked 
|  38|0x0000000710e00000, 0x0000000710e00000, 0x0000000711000000|  0%| F|  |TAMS 0x0000000710e00000| PB 0x0000000710e00000| Untracked 
|  39|0x0000000711000000, 0x0000000711000000, 0x0000000711200000|  0%| F|  |TAMS 0x0000000711000000| PB 0x0000000711000000| Untracked 
|  40|0x0000000711200000, 0x0000000711200000, 0x0000000711400000|  0%| F|  |TAMS 0x0000000711200000| PB 0x0000000711200000| Untracked 
|  41|0x0000000711400000, 0x0000000711400000, 0x0000000711600000|  0%| F|  |TAMS 0x0000000711400000| PB 0x0000000711400000| Untracked 
|  42|0x0000000711600000, 0x0000000711600000, 0x0000000711800000|  0%| F|  |TAMS 0x0000000711600000| PB 0x0000000711600000| Untracked 
|  43|0x0000000711800000, 0x0000000711800000, 0x0000000711a00000|  0%| F|  |TAMS 0x0000000711800000| PB 0x0000000711800000| Untracked 
|  44|0x0000000711a00000, 0x0000000711a00000, 0x0000000711c00000|  0%| F|  |TAMS 0x0000000711a00000| PB 0x0000000711a00000| Untracked 
|  45|0x0000000711c00000, 0x0000000711c00000, 0x0000000711e00000|  0%| F|  |TAMS 0x0000000711c00000| PB 0x0000000711c00000| Untracked 
|  46|0x0000000711e00000, 0x0000000711e00000, 0x0000000712000000|  0%| F|  |TAMS 0x0000000711e00000| PB 0x0000000711e00000| Untracked 
|  47|0x0000000712000000, 0x0000000712000000, 0x0000000712200000|  0%| F|  |TAMS 0x0000000712000000| PB 0x0000000712000000| Untracked 
|  48|0x0000000712200000, 0x0000000712200000, 0x0000000712400000|  0%| F|  |TAMS 0x0000000712200000| PB 0x0000000712200000| Untracked 
|  49|0x0000000712400000, 0x0000000712400000, 0x0000000712600000|  0%| F|  |TAMS 0x0000000712400000| PB 0x0000000712400000| Untracked 
|  50|0x0000000712600000, 0x0000000712600000, 0x0000000712800000|  0%| F|  |TAMS 0x0000000712600000| PB 0x0000000712600000| Untracked 
|  51|0x0000000712800000, 0x0000000712800000, 0x0000000712a00000|  0%| F|  |TAMS 0x0000000712800000| PB 0x0000000712800000| Untracked 
|  52|0x0000000712a00000, 0x0000000712a00000, 0x0000000712c00000|  0%| F|  |TAMS 0x0000000712a00000| PB 0x0000000712a00000| Untracked 
|  53|0x0000000712c00000, 0x0000000712c00000, 0x0000000712e00000|  0%| F|  |TAMS 0x0000000712c00000| PB 0x0000000712c00000| Untracked 
|  54|0x0000000712e00000, 0x0000000712e00000, 0x0000000713000000|  0%| F|  |TAMS 0x0000000712e00000| PB 0x0000000712e00000| Untracked 
|  55|0x0000000713000000, 0x0000000713000000, 0x0000000713200000|  0%| F|  |TAMS 0x0000000713000000| PB 0x0000000713000000| Untracked 
|  56|0x0000000713200000, 0x0000000713200000, 0x0000000713400000|  0%| F|  |TAMS 0x0000000713200000| PB 0x0000000713200000| Untracked 
|  57|0x0000000713400000, 0x0000000713400000, 0x0000000713600000|  0%| F|  |TAMS 0x0000000713400000| PB 0x0000000713400000| Untracked 
|  58|0x0000000713600000, 0x0000000713600000, 0x0000000713800000|  0%| F|  |TAMS 0x0000000713600000| PB 0x0000000713600000| Untracked 
|  59|0x0000000713800000, 0x0000000713800000, 0x0000000713a00000|  0%| F|  |TAMS 0x0000000713800000| PB 0x0000000713800000| Untracked 
|  60|0x0000000713a00000, 0x0000000713a00000, 0x0000000713c00000|  0%| F|  |TAMS 0x0000000713a00000| PB 0x0000000713a00000| Untracked 
|  61|0x0000000713c00000, 0x0000000713c00000, 0x0000000713e00000|  0%| F|  |TAMS 0x0000000713c00000| PB 0x0000000713c00000| Untracked 
|  62|0x0000000713e00000, 0x0000000713e00000, 0x0000000714000000|  0%| F|  |TAMS 0x0000000713e00000| PB 0x0000000713e00000| Untracked 
|  63|0x0000000714000000, 0x0000000714000000, 0x0000000714200000|  0%| F|  |TAMS 0x0000000714000000| PB 0x0000000714000000| Untracked 
|  64|0x0000000714200000, 0x0000000714200000, 0x0000000714400000|  0%| F|  |TAMS 0x0000000714200000| PB 0x0000000714200000| Untracked 
|  65|0x0000000714400000, 0x0000000714400000, 0x0000000714600000|  0%| F|  |TAMS 0x0000000714400000| PB 0x0000000714400000| Untracked 
|  66|0x0000000714600000, 0x0000000714600000, 0x0000000714800000|  0%| F|  |TAMS 0x0000000714600000| PB 0x0000000714600000| Untracked 
|  67|0x0000000714800000, 0x0000000714800000, 0x0000000714a00000|  0%| F|  |TAMS 0x0000000714800000| PB 0x0000000714800000| Untracked 
|  68|0x0000000714a00000, 0x0000000714a00000, 0x0000000714c00000|  0%| F|  |TAMS 0x0000000714a00000| PB 0x0000000714a00000| Untracked 
|  69|0x0000000714c00000, 0x0000000714c00000, 0x0000000714e00000|  0%| F|  |TAMS 0x0000000714c00000| PB 0x0000000714c00000| Untracked 
|  70|0x0000000714e00000, 0x0000000714e00000, 0x0000000715000000|  0%| F|  |TAMS 0x0000000714e00000| PB 0x0000000714e00000| Untracked 
|  71|0x0000000715000000, 0x0000000715000000, 0x0000000715200000|  0%| F|  |TAMS 0x0000000715000000| PB 0x0000000715000000| Untracked 
|  72|0x0000000715200000, 0x0000000715200000, 0x0000000715400000|  0%| F|  |TAMS 0x0000000715200000| PB 0x0000000715200000| Untracked 
|  73|0x0000000715400000, 0x0000000715400000, 0x0000000715600000|  0%| F|  |TAMS 0x0000000715400000| PB 0x0000000715400000| Untracked 
|  74|0x0000000715600000, 0x0000000715600000, 0x0000000715800000|  0%| F|  |TAMS 0x0000000715600000| PB 0x0000000715600000| Untracked 
|  75|0x0000000715800000, 0x0000000715800000, 0x0000000715a00000|  0%| F|  |TAMS 0x0000000715800000| PB 0x0000000715800000| Untracked 
|  76|0x0000000715a00000, 0x0000000715a00000, 0x0000000715c00000|  0%| F|  |TAMS 0x0000000715a00000| PB 0x0000000715a00000| Untracked 
|  77|0x0000000715c00000, 0x0000000715c00000, 0x0000000715e00000|  0%| F|  |TAMS 0x0000000715c00000| PB 0x0000000715c00000| Untracked 
|  78|0x0000000715e00000, 0x0000000715e00000, 0x0000000716000000|  0%| F|  |TAMS 0x0000000715e00000| PB 0x0000000715e00000| Untracked 
|  79|0x0000000716000000, 0x0000000716000000, 0x0000000716200000|  0%| F|  |TAMS 0x0000000716000000| PB 0x0000000716000000| Untracked 
|  80|0x0000000716200000, 0x0000000716200000, 0x0000000716400000|  0%| F|  |TAMS 0x0000000716200000| PB 0x0000000716200000| Untracked 
|  81|0x0000000716400000, 0x0000000716400000, 0x0000000716600000|  0%| F|  |TAMS 0x0000000716400000| PB 0x0000000716400000| Untracked 
|  82|0x0000000716600000, 0x0000000716600000, 0x0000000716800000|  0%| F|  |TAMS 0x0000000716600000| PB 0x0000000716600000| Untracked 
|  83|0x0000000716800000, 0x0000000716800000, 0x0000000716a00000|  0%| F|  |TAMS 0x0000000716800000| PB 0x0000000716800000| Untracked 
|  84|0x0000000716a00000, 0x0000000716a00000, 0x0000000716c00000|  0%| F|  |TAMS 0x0000000716a00000| PB 0x0000000716a00000| Untracked 
|  85|0x0000000716c00000, 0x0000000716c00000, 0x0000000716e00000|  0%| F|  |TAMS 0x0000000716c00000| PB 0x0000000716c00000| Untracked 
|  86|0x0000000716e00000, 0x0000000716e00000, 0x0000000717000000|  0%| F|  |TAMS 0x0000000716e00000| PB 0x0000000716e00000| Untracked 
|  87|0x0000000717000000, 0x0000000717000000, 0x0000000717200000|  0%| F|  |TAMS 0x0000000717000000| PB 0x0000000717000000| Untracked 
|  88|0x0000000717200000, 0x0000000717200000, 0x0000000717400000|  0%| F|  |TAMS 0x0000000717200000| PB 0x0000000717200000| Untracked 
|  89|0x0000000717400000, 0x0000000717400000, 0x0000000717600000|  0%| F|  |TAMS 0x0000000717400000| PB 0x0000000717400000| Untracked 
|  90|0x0000000717600000, 0x0000000717600000, 0x0000000717800000|  0%| F|  |TAMS 0x0000000717600000| PB 0x0000000717600000| Untracked 
|  91|0x0000000717800000, 0x0000000717800000, 0x0000000717a00000|  0%| F|  |TAMS 0x0000000717800000| PB 0x0000000717800000| Untracked 
|  92|0x0000000717a00000, 0x0000000717a00000, 0x0000000717c00000|  0%| F|  |TAMS 0x0000000717a00000| PB 0x0000000717a00000| Untracked 
|  93|0x0000000717c00000, 0x0000000717c00000, 0x0000000717e00000|  0%| F|  |TAMS 0x0000000717c00000| PB 0x0000000717c00000| Untracked 
|  94|0x0000000717e00000, 0x0000000717e00000, 0x0000000718000000|  0%| F|  |TAMS 0x0000000717e00000| PB 0x0000000717e00000| Untracked 
|  95|0x0000000718000000, 0x0000000718000000, 0x0000000718200000|  0%| F|  |TAMS 0x0000000718000000| PB 0x0000000718000000| Untracked 
|  96|0x0000000718200000, 0x0000000718200000, 0x0000000718400000|  0%| F|  |TAMS 0x0000000718200000| PB 0x0000000718200000| Untracked 
|  97|0x0000000718400000, 0x0000000718400000, 0x0000000718600000|  0%| F|  |TAMS 0x0000000718400000| PB 0x0000000718400000| Untracked 
|  98|0x0000000718600000, 0x0000000718600000, 0x0000000718800000|  0%| F|  |TAMS 0x0000000718600000| PB 0x0000000718600000| Untracked 
|  99|0x0000000718800000, 0x0000000718800000, 0x0000000718a00000|  0%| F|  |TAMS 0x0000000718800000| PB 0x0000000718800000| Untracked 
| 100|0x0000000718a00000, 0x0000000718a00000, 0x0000000718c00000|  0%| F|  |TAMS 0x0000000718a00000| PB 0x0000000718a00000| Untracked 
| 101|0x0000000718c00000, 0x0000000718c00000, 0x0000000718e00000|  0%| F|  |TAMS 0x0000000718c00000| PB 0x0000000718c00000| Untracked 
| 102|0x0000000718e00000, 0x0000000718e00000, 0x0000000719000000|  0%| F|  |TAMS 0x0000000718e00000| PB 0x0000000718e00000| Untracked 
| 103|0x0000000719000000, 0x0000000719000000, 0x0000000719200000|  0%| F|  |TAMS 0x0000000719000000| PB 0x0000000719000000| Untracked 
| 104|0x0000000719200000, 0x0000000719200000, 0x0000000719400000|  0%| F|  |TAMS 0x0000000719200000| PB 0x0000000719200000| Untracked 
| 105|0x0000000719400000, 0x0000000719400000, 0x0000000719600000|  0%| F|  |TAMS 0x0000000719400000| PB 0x0000000719400000| Untracked 
| 106|0x0000000719600000, 0x0000000719600000, 0x0000000719800000|  0%| F|  |TAMS 0x0000000719600000| PB 0x0000000719600000| Untracked 
| 107|0x0000000719800000, 0x0000000719800000, 0x0000000719a00000|  0%| F|  |TAMS 0x0000000719800000| PB 0x0000000719800000| Untracked 
| 108|0x0000000719a00000, 0x0000000719a00000, 0x0000000719c00000|  0%| F|  |TAMS 0x0000000719a00000| PB 0x0000000719a00000| Untracked 
| 109|0x0000000719c00000, 0x0000000719c00000, 0x0000000719e00000|  0%| F|  |TAMS 0x0000000719c00000| PB 0x0000000719c00000| Untracked 
| 110|0x0000000719e00000, 0x0000000719e00000, 0x000000071a000000|  0%| F|  |TAMS 0x0000000719e00000| PB 0x0000000719e00000| Untracked 
| 111|0x000000071a000000, 0x000000071a000000, 0x000000071a200000|  0%| F|  |TAMS 0x000000071a000000| PB 0x000000071a000000| Untracked 
| 112|0x000000071a200000, 0x000000071a200000, 0x000000071a400000|  0%| F|  |TAMS 0x000000071a200000| PB 0x000000071a200000| Untracked 
| 113|0x000000071a400000, 0x000000071a400000, 0x000000071a600000|  0%| F|  |TAMS 0x000000071a400000| PB 0x000000071a400000| Untracked 
| 114|0x000000071a600000, 0x000000071a600000, 0x000000071a800000|  0%| F|  |TAMS 0x000000071a600000| PB 0x000000071a600000| Untracked 
| 115|0x000000071a800000, 0x000000071a800000, 0x000000071aa00000|  0%| F|  |TAMS 0x000000071a800000| PB 0x000000071a800000| Untracked 
| 116|0x000000071aa00000, 0x000000071aa00000, 0x000000071ac00000|  0%| F|  |TAMS 0x000000071aa00000| PB 0x000000071aa00000| Untracked 
| 117|0x000000071ac00000, 0x000000071ace1df0, 0x000000071ae00000| 44%| E|  |TAMS 0x000000071ac00000| PB 0x000000071ac00000| Complete 
| 118|0x000000071ae00000, 0x000000071b000000, 0x000000071b000000|100%| E|CS|TAMS 0x000000071ae00000| PB 0x000000071ae00000| Complete 
| 119|0x000000071b000000, 0x000000071b200000, 0x000000071b200000|100%| E|CS|TAMS 0x000000071b000000| PB 0x000000071b000000| Complete 
| 120|0x000000071b200000, 0x000000071b400000, 0x000000071b400000|100%| E|CS|TAMS 0x000000071b200000| PB 0x000000071b200000| Complete 
| 121|0x000000071b400000, 0x000000071b600000, 0x000000071b600000|100%| E|CS|TAMS 0x000000071b400000| PB 0x000000071b400000| Complete 

Card table byte_map: [0x000002345b000000,0x000002345b7a0000] _byte_map_base: 0x000002345779f000

Marking Bits: (CMBitMap*) 0x00000234421dcec0
 Bits: [0x000002345b7a0000, 0x000002345f498000)

Polling page: 0x00000234408e0000

Metaspace:

Usage:
  Non-class:      2.44 MB used.
      Class:    254.71 KB used.
       Both:      2.68 MB used.

Virtual space:
  Non-class space:       64.00 MB reserved,       2.50 MB (  4%) committed,  1 nodes.
      Class space:        1.00 GB reserved,     320.00 KB ( <1%) committed,  1 nodes.
             Both:        1.06 GB reserved,       2.81 MB ( <1%) committed. 

Chunk freelists:
   Non-Class:  11.88 MB
       Class:  15.70 MB
        Both:  27.58 MB

MaxMetaspaceSize: unlimited
CompressedClassSpaceSize: 1.00 GB
Initial GC threshold: 21.00 MB
Current GC threshold: 21.00 MB
CDS: on
 - commit_granule_bytes: 65536.
 - commit_granule_words: 8192.
 - virtual_space_node_default_size: 8388608.
 - enlarge_chunks_in_place: 1.
 - use_allocation_guard: 0.


Internal statistics:

num_allocs_failed_limit: 0.
num_arena_births: 90.
num_arena_deaths: 0.
num_vsnodes_births: 2.
num_vsnodes_deaths: 0.
num_space_committed: 45.
num_space_uncommitted: 0.
num_chunks_returned_to_freelist: 0.
num_chunks_taken_from_freelist: 107.
num_chunk_merges: 0.
num_chunk_splits: 69.
num_chunks_enlarged: 32.
num_inconsistent_stats: 0.

CodeHeap 'non-profiled nmethods': size=119168Kb used=133Kb max_used=133Kb free=119035Kb
 bounds [0x0000023452450000, 0x00000234526c0000, 0x00000234598b0000]
CodeHeap 'profiled nmethods': size=119104Kb used=598Kb max_used=598Kb free=118505Kb
 bounds [0x000002344a8b0000, 0x000002344ab20000, 0x0000023451d00000]
CodeHeap 'non-nmethods': size=7488Kb used=1449Kb max_used=3148Kb free=6038Kb
 bounds [0x0000023451d00000, 0x0000023452020000, 0x0000023452450000]
 total_blobs=897 nmethods=413 adapters=389
 compilation: enabled
              stopped_count=0, restarted_count=0
 full_count=0

Compilation events (20 events):
Event: 0.844 Thread 0x00000234627b4740  403       1       java.net.URL::getHost (5 bytes)
Event: 0.844 Thread 0x00000234625313d0  404 %     4       java.lang.StringLatin1::indexOfChar @ 7 (33 bytes)
Event: 0.844 Thread 0x00000234627b4090  405       3       java.lang.String::startsWith (123 bytes)
Event: 0.844 Thread 0x00000234627b4740 nmethod 403 0x0000023452470910 code [0x0000023452470aa0, 0x0000023452470b70]
Event: 0.844 Thread 0x00000234627eca30  406       3       java.lang.String::startsWith (7 bytes)
Event: 0.844 Thread 0x00000234627eca30 nmethod 406 0x000002344a940f10 code [0x000002344a9410c0, 0x000002344a941218]
Event: 0.844 Thread 0x00000234627eca30  407       3       java.util.ArrayList::add (25 bytes)
Event: 0.844 Thread 0x0000023462532e80  408       3       java.util.ArrayList::add (23 bytes)
Event: 0.845 Thread 0x0000023462532e80 nmethod 408 0x000002344a941310 code [0x000002344a9414e0, 0x000002344a941898]
Event: 0.845 Thread 0x00000234627eca30 nmethod 407 0x000002344a941a10 code [0x000002344a941be0, 0x000002344a942018]
Event: 0.845 Thread 0x00000234627b4090 nmethod 405 0x000002344a942210 code [0x000002344a942440, 0x000002344a942c18]
Event: 0.849 Thread 0x00000234625313d0 nmethod 404% 0x0000023452470c10 code [0x0000023452470da0, 0x0000023452470fe8]
Event: 4.882 Thread 0x0000023462532e80  410       3       java.util.concurrent.ConcurrentHashMap$Traverser::advance (188 bytes)
Event: 4.883 Thread 0x0000023462532e80 nmethod 410 0x000002344a942e90 code [0x000002344a9430e0, 0x000002344a943cc0]
Event: 5.261 Thread 0x0000023462532e80  411       3       java.util.concurrent.ConcurrentHashMap$BaseIterator::hasNext (13 bytes)
Event: 5.261 Thread 0x0000023462532e80 nmethod 411 0x000002344a943f90 code [0x000002344a944120, 0x000002344a944290]
Event: 5.278 Thread 0x0000023462532e80  412       3       java.lang.invoke.MethodHandle::<init> (37 bytes)
Event: 5.279 Thread 0x0000023462532e80 nmethod 412 0x000002344a944310 code [0x000002344a944520, 0x000002344a944ad0]
Event: 5.279 Thread 0x0000023462532e80  413       3       java.lang.invoke.LambdaForm::prepare (108 bytes)
Event: 5.279 Thread 0x0000023462532e80 nmethod 413 0x000002344a944d90 code [0x000002344a944fe0, 0x000002344a945820]

GC Heap History (0 events):
No events

Dll operation events (7 events):
Event: 0.014 Loaded shared library C:\Users\Administrator\Desktop\BlueJ\jdk\bin\java.dll
Event: 0.052 Loaded shared library C:\Users\Administrator\Desktop\BlueJ\jdk\bin\jsvml.dll
Event: 0.396 Loaded shared library C:\Users\Administrator\Desktop\bluej\jdk\bin\net.dll
Event: 0.402 Loaded shared library C:\Users\Administrator\Desktop\bluej\jdk\bin\nio.dll
Event: 0.437 Loaded shared library C:\Users\Administrator\Desktop\bluej\jdk\bin\zip.dll
Event: 0.551 Loaded shared library C:\Users\Administrator\Desktop\bluej\jdk\bin\jimage.dll
Event: 0.626 Loaded shared library C:\Users\Administrator\Desktop\bluej\jdk\bin\awt.dll

Deoptimization events (4 events):
Event: 0.681 Thread 0x00000234405a07b0 Uncommon trap: trap_request=0xffffff45 fr.pc=0x00000234524588ec relative=0x00000000000008cc
Event: 0.681 Thread 0x00000234405a07b0 Uncommon trap: reason=unstable_if action=reinterpret pc=0x00000234524588ec method=java.util.zip.ZipFile$Source.checkAndAddEntry(II)I @ 50 c2
Event: 0.681 Thread 0x00000234405a07b0 DEOPT PACKING pc=0x00000234524588ec sp=0x0000006028afcd10
Event: 0.681 Thread 0x00000234405a07b0 DEOPT UNPACKING pc=0x0000023451d546a2 sp=0x0000006028afcca0 mode 2

Classes loaded (20 events):
Event: 5.277 Loading class sun/java2d/d3d/D3DContext$D3DContextCaps
Event: 5.277 Loading class sun/java2d/pipe/hw/ContextCapabilities
Event: 5.278 Loading class sun/java2d/pipe/hw/ContextCapabilities done
Event: 5.278 Loading class sun/java2d/d3d/D3DContext$D3DContextCaps done
Event: 5.279 Loading class sun/awt/Win32GraphicsConfig
Event: 5.279 Loading class sun/awt/image/SurfaceManager$ProxiedGraphicsConfig
Event: 5.279 Loading class sun/awt/image/SurfaceManager$ProxiedGraphicsConfig done
Event: 5.279 Loading class java/awt/GraphicsConfiguration
Event: 5.279 Loading class java/awt/GraphicsConfiguration done
Event: 5.279 Loading class sun/awt/Win32GraphicsConfig done
Event: 5.280 Loading class java/awt/Rectangle
Event: 5.280 Loading class java/awt/Shape
Event: 5.280 Loading class java/awt/Shape done
Event: 5.280 Loading class java/awt/geom/Rectangle2D
Event: 5.280 Loading class java/awt/geom/RectangularShape
Event: 5.280 Loading class java/awt/geom/RectangularShape done
Event: 5.280 Loading class java/awt/geom/Rectangle2D done
Event: 5.280 Loading class java/awt/Rectangle done
Event: 5.593 Loading class java/util/ArrayList$ListItr
Event: 5.593 Loading class java/util/ArrayList$ListItr done

Classes unloaded (0 events):
No events

Classes redefined (0 events):
No events

Internal exceptions (3 events):
Event: 0.531 Thread 0x00000234405a07b0 Exception <a 'java/lang/ClassNotFoundException'{0x000000071b3ad2d8}: sun/awt/resources/spi/awtProvider> (0x000000071b3ad2d8) 
thrown [s\src\hotspot\share\classfile\systemDictionary.cpp, line 312]
Event: 0.646 Thread 0x00000234405a07b0 Exception <a 'java/io/FileNotFoundException'{0x000000071b046280}> (0x000000071b046280) 
thrown [s\src\hotspot\share\prims\jni.cpp, line 520]
Event: 0.658 Thread 0x00000234405a07b0 Exception <a 'java/io/FileNotFoundException'{0x000000071b070b18}> (0x000000071b070b18) 
thrown [s\src\hotspot\share\prims\jni.cpp, line 520]

ZGC Phase Switch (0 events):
No events

VM Operations (14 events):
Event: 0.446 Executing VM operation: HandshakeAllThreads (Deoptimize)
Event: 0.446 Executing VM operation: HandshakeAllThreads (Deoptimize) done
Event: 0.513 Executing VM operation: ChangeBreakpoints
Event: 0.513 Executing VM operation: ChangeBreakpoints done
Event: 0.514 Executing VM operation: ChangeBreakpoints
Event: 0.514 Executing VM operation: ChangeBreakpoints done
Event: 0.514 Executing VM operation: ChangeBreakpoints
Event: 0.514 Executing VM operation: ChangeBreakpoints done
Event: 1.528 Executing VM operation: Cleanup
Event: 1.528 Executing VM operation: Cleanup done
Event: 1.975 Executing VM operation: HandshakeAllThreads (Deoptimize)
Event: 1.975 Executing VM operation: HandshakeAllThreads (Deoptimize) done
Event: 4.999 Executing VM operation: Cleanup
Event: 4.999 Executing VM operation: Cleanup done

Memory protections (0 events):
No events

Nmethod flushes (0 events):
No events

Events (20 events):
Event: 0.326 Thread 0x00000234405a07b0 Thread added: 0x00000234627fd010
Event: 0.326 Thread 0x00000234405a07b0 Thread added: 0x00000234627f9350
Event: 0.327 Thread 0x00000234627fd010 Thread added: 0x0000023462809b70
Event: 0.339 Thread 0x00000234405a07b0 Thread added: 0x0000023462527360
Event: 0.359 Thread 0x00000234405a07b0 Thread added: 0x0000023462528710
Event: 0.485 Thread 0x00000234627b4740 Thread added: 0x000002346286e220
Event: 0.627 Thread 0x000002346286e220 Thread exited: 0x000002346286e220
Event: 0.734 Thread 0x00000234405a07b0 Thread added: 0x0000023462528080
Event: 0.737 Thread 0x00000234405a07b0 Thread added: 0x0000023462525fb0
Event: 0.739 Thread 0x00000234405a07b0 Thread added: 0x0000023462525920
Event: 0.834 Thread 0x00000234405a07b0 Thread added: 0x0000023462525290
Event: 0.834 Thread 0x00000234405a07b0 Thread added: 0x0000023462526cd0
Event: 0.835 Thread 0x00000234405a07b0 Thread exited: 0x00000234405a07b0
Event: 0.835 Thread 0x00000234625279f0 Thread added: 0x00000234625279f0
Event: 1.976 Thread 0x0000023462525fb0 Thread exited: 0x0000023462525fb0
Event: 4.869 Thread 0x0000023462525920 Thread added: 0x0000023462525fb0
Event: 4.876 Thread 0x0000023462525920 Thread added: 0x00000234a80a9e30
Event: 4.882 Thread 0x00000234627eca30 Thread exited: 0x00000234627eca30
Event: 4.882 Thread 0x00000234627b4740 Thread exited: 0x00000234627b4740
Event: 5.261 Thread 0x00000234627b4090 Thread exited: 0x00000234627b4090


Dynamic libraries:
0x00007ff6d6c80000 - 0x00007ff6d6c8e000 	C:\Users\Administrator\Desktop\BlueJ\jdk\bin\java.exe
0x00007ff88b060000 - 0x00007ff88b2c8000 	C:\WINDOWS\SYSTEM32\ntdll.dll
0x00007ff88a000000 - 0x00007ff88a0c9000 	C:\WINDOWS\System32\KERNEL32.DLL
0x00007ff888610000 - 0x00007ff8889fd000 	C:\WINDOWS\System32\KERNELBASE.dll
0x00007ff888cb0000 - 0x00007ff888dfb000 	C:\WINDOWS\System32\ucrtbase.dll
0x00007ff87f0e0000 - 0x00007ff87f0fb000 	C:\Users\Administrator\Desktop\BlueJ\jdk\bin\VCRUNTIME140.dll
0x00007ff87f100000 - 0x00007ff87f118000 	C:\Users\Administrator\Desktop\BlueJ\jdk\bin\jli.dll
0x00007ff88a920000 - 0x00007ff88aaec000 	C:\WINDOWS\System32\USER32.dll
0x00007ff8882e0000 - 0x00007ff888307000 	C:\WINDOWS\System32\win32u.dll
0x00007ff86d160000 - 0x00007ff86d3fa000 	C:\WINDOWS\WinSxS\amd64_microsoft.windows.common-controls_6595b64144ccf1df_6.0.26100.4484_none_3e0e6d4ce32ef3b3\COMCTL32.dll
0x00007ff88a870000 - 0x00007ff88a919000 	C:\WINDOWS\System32\msvcrt.dll
0x00007ff889fd0000 - 0x00007ff889ffb000 	C:\WINDOWS\System32\GDI32.dll
0x00007ff888b70000 - 0x00007ff888ca7000 	C:\WINDOWS\System32\gdi32full.dll
0x00007ff888a00000 - 0x00007ff888aa3000 	C:\WINDOWS\System32\msvcp_win.dll
0x00007ff88ad60000 - 0x00007ff88ad8f000 	C:\WINDOWS\System32\IMM32.DLL
0x00007ff87fa00000 - 0x00007ff87fa0c000 	C:\Users\Administrator\Desktop\BlueJ\jdk\bin\vcruntime140_1.dll
0x00007ff867900000 - 0x00007ff86798e000 	C:\Users\Administrator\Desktop\BlueJ\jdk\bin\msvcp140.dll
0x00007ffffbf60000 - 0x00007ffffcce8000 	C:\Users\Administrator\Desktop\BlueJ\jdk\bin\server\jvm.dll
0x00007ff88aed0000 - 0x00007ff88af84000 	C:\WINDOWS\System32\ADVAPI32.dll
0x00007ff88ada0000 - 0x00007ff88ae46000 	C:\WINDOWS\System32\sechost.dll
0x00007ff88a6b0000 - 0x00007ff88a7c8000 	C:\WINDOWS\System32\RPCRT4.dll
0x00007ff8893f0000 - 0x00007ff889464000 	C:\WINDOWS\System32\WS2_32.dll
0x00007ff888000000 - 0x00007ff88805e000 	C:\WINDOWS\SYSTEM32\POWRPROF.dll
0x00007ff87f6f0000 - 0x00007ff87f6fb000 	C:\WINDOWS\SYSTEM32\VERSION.dll
0x00007ff882c10000 - 0x00007ff882c45000 	C:\WINDOWS\SYSTEM32\WINMM.dll
0x00007ff887fe0000 - 0x00007ff887ff4000 	C:\WINDOWS\SYSTEM32\UMPDC.dll
0x00007ff886f10000 - 0x00007ff886f2b000 	C:\WINDOWS\SYSTEM32\kernel.appcore.dll
0x00007ff87f1b0000 - 0x00007ff87f1ba000 	C:\Users\Administrator\Desktop\BlueJ\jdk\bin\jimage.dll
0x00007ff885b00000 - 0x00007ff885d41000 	C:\WINDOWS\SYSTEM32\DBGHELP.DLL
0x00007ff889010000 - 0x00007ff889396000 	C:\WINDOWS\System32\combase.dll
0x00007ff88a130000 - 0x00007ff88a210000 	C:\WINDOWS\System32\OLEAUT32.dll
0x00007ff86f030000 - 0x00007ff86f073000 	C:\WINDOWS\SYSTEM32\dbgcore.DLL
0x00007ff8881b0000 - 0x00007ff888249000 	C:\WINDOWS\System32\bcryptPrimitives.dll
0x00007ff880d40000 - 0x00007ff880d7c000 	C:\Users\Administrator\Desktop\BlueJ\jdk\bin\jdwp.dll
0x00007ff87b970000 - 0x00007ff87b98f000 	C:\Users\Administrator\Desktop\BlueJ\jdk\bin\java.dll
0x00007ff889470000 - 0x00007ff889bba000 	C:\WINDOWS\System32\SHELL32.dll
0x00007ff888310000 - 0x00007ff888484000 	C:\WINDOWS\System32\wintypes.dll
0x00007ff885db0000 - 0x00007ff88660b000 	C:\WINDOWS\SYSTEM32\windows.storage.dll
0x00007ff888f10000 - 0x00007ff889005000 	C:\WINDOWS\System32\SHCORE.dll
0x00007ff889bc0000 - 0x00007ff889c2a000 	C:\WINDOWS\System32\shlwapi.dll
0x00007ff8880c0000 - 0x00007ff8880ef000 	C:\WINDOWS\SYSTEM32\profapi.dll
0x00007ff836840000 - 0x00007ff836917000 	C:\Users\Administrator\Desktop\BlueJ\jdk\bin\jsvml.dll
0x00007ff873020000 - 0x00007ff87302b000 	C:\Users\Administrator\Desktop\BlueJ\jdk\bin\dt_shmem.dll
0x00007ff87bd80000 - 0x00007ff87bd90000 	C:\Users\Administrator\Desktop\bluej\jdk\bin\net.dll
0x00007ff87e5a0000 - 0x00007ff87e6be000 	C:\WINDOWS\SYSTEM32\WINHTTP.dll
0x00007ff887480000 - 0x00007ff8874ea000 	C:\WINDOWS\system32\mswsock.dll
0x00007ff87b8b0000 - 0x00007ff87b8c6000 	C:\Users\Administrator\Desktop\bluej\jdk\bin\nio.dll
0x00007ff87b550000 - 0x00007ff87b568000 	C:\Users\Administrator\Desktop\bluej\jdk\bin\zip.dll
0x00007ff880760000 - 0x00007ff8808ee000 	C:\Users\Administrator\Desktop\bluej\jdk\bin\awt.dll
0x00007ff884b70000 - 0x00007ff884c0e000 	C:\WINDOWS\SYSTEM32\apphelp.dll
0x00007ff884e40000 - 0x00007ff884eef000 	C:\WINDOWS\system32\uxtheme.dll
0x00007ff88ab40000 - 0x00007ff88aca0000 	C:\WINDOWS\System32\MSCTF.dll
0x00007ff889c30000 - 0x00007ff889dce000 	C:\WINDOWS\System32\ole32.dll
0x00007ff885160000 - 0x00007ff885196000 	C:\WINDOWS\system32\DWMAPI.DLL
0x00007ff82bdf0000 - 0x00007ff82bf08000 	C:\WINDOWS\system32\opengl32.dll
0x00007ff8828c0000 - 0x00007ff8828ed000 	C:\WINDOWS\SYSTEM32\GLU32.dll
0x00007ff884f40000 - 0x00007ff884f8d000 	C:\WINDOWS\SYSTEM32\dxcore.dll

dbghelp: loaded successfully - version: 4.0.5 - missing functions: none
symbol engine: initialized successfully - sym options: 0x614 - pdb path: .;C:\Users\Administrator\Desktop\BlueJ\jdk\bin;C:\WINDOWS\SYSTEM32;C:\WINDOWS\WinSxS\amd64_microsoft.windows.common-controls_6595b64144ccf1df_6.0.26100.4484_none_3e0e6d4ce32ef3b3;C:\Users\Administrator\Desktop\BlueJ\jdk\bin\server

VM Arguments:
jvm_args: -ea -agentlib:jdwp=transport=dt_shmem,address=javadebug -Dfile.encoding=UTF-8 
java_command: bluej.runtime.ExecServer UTF-8
java_class_path (initial): C:\Users\Administrator\Desktop\bluej\lib\bluejcore.jar;C:\Users\Administrator\Desktop\bluej\lib\javafx-base-21.0.3-win.jar;C:\Users\Administrator\Desktop\bluej\lib\javafx-controls-21.0.3-win.jar;C:\Users\Administrator\Desktop\bluej\lib\javafx-fxml-21.0.3-win.jar;C:\Users\Administrator\Desktop\bluej\lib\javafx-graphics-21.0.3-win.jar;C:\Users\Administrator\Desktop\bluej\lib\javafx-media-21.0.3-win.jar;C:\Users\Administrator\Desktop\bluej\lib\javafx-swing-21.0.3-win.jar;C:\Users\Administrator\Desktop\bluej\lib\javafx-web-21.0.3-win.jar;C:\Users\Administrator\Desktop\bluej\lib\junit-4.12.jar;C:\Users\Administrator\Desktop\bluej\lib\junit-jupiter-5.5.2.jar;C:\Users\Administrator\Desktop\bluej\lib\junit-jupiter-api-5.5.2.jar;C:\Users\Administrator\Desktop\bluej\lib\junit-jupiter-engine-5.5.2.jar;C:\Users\Administrator\Desktop\bluej\lib\junit-jupiter-params-5.5.2.jar;C:\Users\Administrator\Desktop\bluej\lib\junit-platform-commons-1.5.2.jar;C:\Users\Administrator\Desktop\bluej\lib\junit-platform-engine-1.5.2.jar;C:\Users\Administrator\Desktop\bluej\lib\junit-platform-launcher-1.5.2.jar;C:\Users\Administrator\Desktop\bluej\lib\junit-platform-suite-api-1.5.2.jar;C:\Users\Administrator\Desktop\bluej\lib\junit-vintage-engine-5.5.2.jar;C:\Users\Administrator\Desktop\bluej\lib\hamcrest-core-1.3.jar;C:\Users\Administrator\Desktop\bluej\lib\opentest4j-1.2.0.jar;C:\Users\Administrator\Desktop\bluej\lib\lang-stride.jar;C:\Users\Administrator\Desktop\bluej\lib\javafx\javafx.base.jar;C:\Users\Administrator\Desktop\bluej\lib\javafx\javafx.controls.jar;C:\Users\Administrator\Desktop\bluej\lib\javafx\javafx.fxml.jar;C:\Users\Administrator\Desktop\bluej\lib\javafx\javafx.graphics.jar;C:\Users\Administrator\Desktop\bluej\lib\javafx\javafx.media.jar;C:\Users\Administrator\Desktop\bluej\lib\javafx\javafx.properties.jar;C:\Users\Administrator\Desktop\bluej\lib\javafx\javafx.swing.jar;C:\Users\Administrator\Desktop\bluej\lib\javafx\javafx.web.jar
Launcher Type: SUN_STANDARD

[Global flags]
     intx CICompilerCount                          = 12                                        {product} {ergonomic}
     uint ConcGCThreads                            = 3                                         {product} {ergonomic}
     uint G1ConcRefinementThreads                  = 13                                        {product} {ergonomic}
   size_t G1HeapRegionSize                         = 2097152                                   {product} {ergonomic}
    uintx GCDrainStackTargetSize                   = 64                                        {product} {ergonomic}
   size_t InitialHeapSize                          = 255852544                                 {product} {ergonomic}
   size_t MarkStackSize                            = 4194304                                   {product} {ergonomic}
   size_t MaxHeapSize                              = 4091543552                                {product} {ergonomic}
   size_t MaxNewSize                               = 2453667840                                {product} {ergonomic}
   size_t MinHeapDeltaBytes                        = 2097152                                   {product} {ergonomic}
   size_t MinHeapSize                              = 8388608                                   {product} {ergonomic}
    uintx NonNMethodCodeHeapSize                   = 7602480                                {pd product} {ergonomic}
    uintx NonProfiledCodeHeapSize                  = 122027880                              {pd product} {ergonomic}
    uintx ProfiledCodeHeapSize                     = 122027880                              {pd product} {ergonomic}
    uintx ReservedCodeCacheSize                    = 251658240                              {pd product} {ergonomic}
     bool SegmentedCodeCache                       = true                                      {product} {ergonomic}
   size_t SoftMaxHeapSize                          = 4091543552                             {manageable} {ergonomic}
     bool UseCompressedOops                        = true                           {product lp64_product} {ergonomic}
     bool UseG1GC                                  = true                                      {product} {ergonomic}
     bool UseLargePagesIndividualAllocation        = false                                  {pd product} {ergonomic}

Logging:
Log output configuration:
 #0: stdout all=warning uptime,level,tags foldmultilines=false
 #1: stderr all=off uptime,level,tags foldmultilines=false

Environment Variables:
PATH=C:\Program Files\Common Files\Oracle\Java\javapath;C:\WINDOWS\system32;C:\WINDOWS;C:\WINDOWS\System32\Wbem;C:\WINDOWS\System32\WindowsPowerShell\v1.0\;C:\WINDOWS\System32\OpenSSH\;C:\Program Files\dotnet\;C:\Program Files\Java\jdk-23\bin;C:\Users\Administrator\AppData\Local\Microsoft\WindowsApps;C:\Users\Administrator\AppData\Local\Programs\Microsoft VS Code\bin;
USERNAME=Kritee
OS=Windows_NT
PROCESSOR_IDENTIFIER=Intel64 Family 6 Model 154 Stepping 3, GenuineIntel
TMP=C:\Users\ADMINI~1\AppData\Local\Temp
TEMP=C:\Users\ADMINI~1\AppData\Local\Temp




Periodic native trim disabled

---------------  S Y S T E M  ---------------

OS:
 Windows 11 , 64 bit Build 26100 (10.0.26100.4484)
OS uptime: 5 days 17:05 hours
Hyper-V role detected

CPU: total 16 (initial active 16) (8 cores per cpu, 2 threads per core) family 6 model 154 stepping 3 microcode 0x437, cx8, cmov, fxsr, ht, mmx, 3dnowpref, sse, sse2, sse3, ssse3, sse4.1, sse4.2, popcnt, lzcnt, tsc, tscinvbit, avx, avx2, aes, erms, clmul, bmi1, bmi2, adx, sha, fma, vzeroupper, clflush, clflushopt, clwb, hv, serialize, rdtscp, rdpid, fsrm, f16c, cet_ibt, cet_ss
Processor Information for processor 0
  Max Mhz: 1700, Current Mhz: 1700, Mhz Limit: 1700
Processor Information for processor 1
  Max Mhz: 1700, Current Mhz: 1457, Mhz Limit: 1700
Processor Information for processor 2
  Max Mhz: 1700, Current Mhz: 1700, Mhz Limit: 1700
Processor Information for processor 3
  Max Mhz: 1700, Current Mhz: 1700, Mhz Limit: 1700
Processor Information for processor 4
  Max Mhz: 1700, Current Mhz: 1700, Mhz Limit: 1700
Processor Information for processor 5
  Max Mhz: 1700, Current Mhz: 1700, Mhz Limit: 1700
Processor Information for processor 6
  Max Mhz: 1700, Current Mhz: 1700, Mhz Limit: 1700
Processor Information for processor 7
  Max Mhz: 1700, Current Mhz: 1700, Mhz Limit: 1700
Processor Information for processor 8
  Max Mhz: 1700, Current Mhz: 1558, Mhz Limit: 1700
Processor Information for processor 9
  Max Mhz: 1700, Current Mhz: 1558, Mhz Limit: 1700
Processor Information for processor 10
  Max Mhz: 1700, Current Mhz: 1558, Mhz Limit: 1700
Processor Information for processor 11
  Max Mhz: 1700, Current Mhz: 1700, Mhz Limit: 1700
Processor Information for processor 12
  Max Mhz: 1700, Current Mhz: 1558, Mhz Limit: 1700
Processor Information for processor 13
  Max Mhz: 1700, Current Mhz: 1558, Mhz Limit: 1700
Processor Information for processor 14
  Max Mhz: 1700, Current Mhz: 1558, Mhz Limit: 1700
Processor Information for processor 15
  Max Mhz: 1700, Current Mhz: 1558, Mhz Limit: 1700

Memory: 4k page, system-wide physical 15606M (4259M free)
TotalPageFile size 16630M (AvailPageFile size 3719M)
current process WorkingSet (physical memory assigned to process): 50M, peak: 52M
current process commit charge ("private bytes"): 344M, peak: 345M

vm_info: OpenJDK 64-Bit Server VM (21.0.4+7-LTS) for windows-amd64 JRE (21.0.4+7-LTS), built on 2024-07-16T00:00:00Z by "admin" with MS VC++ 17.7 (VS2022)

END.
