#
# A fatal error has been detected by the Java Runtime Environment:
#
#  EXCEPTION_ACCESS_VIOLATION (0xc0000005) at pc=0x00007ff88083b319, pid=15180, tid=15248
#
# JRE version: OpenJDK Runtime Environment Temurin-21.0.4+7 (21.0.4+7) (build 21.0.4+7-LTS)
# Java VM: OpenJDK 64-Bit Server VM Temurin-21.0.4+7 (21.0.4+7-LTS, mixed mode, sharing, tiered, compressed oops, compressed class ptrs, g1 gc, windows-amd64)
# Problematic frame:
# C  [awt.dll+0xdb319]
#
# No core dump will be written. Minidumps are not enabled by default on client versions of Windows
#
# If you would like to submit a bug report, please visit:
#   https://github.com/adoptium/adoptium-support/issues
# The crash happened outside the Java Virtual Machine in native code.
# See problematic frame for where to report the bug.
#

---------------  S U M M A R Y ------------

Command Line: -ea -agentlib:jdwp=transport=dt_shmem,address=javadebug -Dfile.encoding=UTF-8 bluej.runtime.ExecServer UTF-8

Host: 12th Gen Intel(R) Core(TM) i5-1240P, 16 cores, 15G,  Windows 11 , 64 bit Build 26100 (10.0.26100.4484)
Time: Wed Aug 20 09:43:54 2025 Nepal Standard Time elapsed time: 10.042072 seconds (0d 0h 0m 10s)

---------------  T H R E A D  ---------------

Current thread (0x0000017b892065a0):  JavaThread "AWT-EventQueue-0"        [_thread_in_native, id=15248, stack(0x0000004e29b00000,0x0000004e29c00000) (1024K)]

Stack: [0x0000004e29b00000,0x0000004e29c00000],  sp=0x0000004e29bfeac0,  free space=1018k
Native frames: (J=compiled Java code, j=interpreted, Vv=VM code, C=native code)
C  [awt.dll+0xdb319]

Java frames: (J=compiled Java code, j=interpreted, Vv=VM code)
j  sun.awt.Win32GraphicsConfig.getBounds(I)Ljava/awt/Rectangle;+0 java.desktop@21.0.4
j  sun.awt.Win32GraphicsConfig.getBounds()Ljava/awt/Rectangle;+8 java.desktop@21.0.4
j  sun.awt.Win32GraphicsDevice.displayChanged()V+23 java.desktop@21.0.4
j  sun.awt.Win32GraphicsEnvironment.displayChanged()V+271 java.desktop@21.0.4
j  sun.awt.windows.WToolkit.lambda$displayChanged$4()V+15 java.desktop@21.0.4
j  sun.awt.windows.WToolkit$$Lambda+0x0000017b4506f358.run()V+0 java.desktop@21.0.4
j  java.awt.event.InvocationEvent.dispatch()V+47 java.desktop@21.0.4
j  java.awt.EventQueue.dispatchEventImpl(Ljava/awt/AWTEvent;Ljava/lang/Object;)V+21 java.desktop@21.0.4
j  java.awt.EventQueue$4.run()Ljava/lang/Void;+32 java.desktop@21.0.4
j  java.awt.EventQueue$4.run()Ljava/lang/Object;+1 java.desktop@21.0.4
j  java.security.AccessController.executePrivileged(Ljava/security/PrivilegedAction;Ljava/security/AccessControlContext;Ljava/lang/Class;)Ljava/lang/Object;+29 java.base@21.0.4
j  java.security.AccessController.doPrivileged(Ljava/security/PrivilegedAction;Ljava/security/AccessControlContext;)Ljava/lang/Object;+13 java.base@21.0.4
j  java.security.ProtectionDomain$JavaSecurityAccessImpl.doIntersectionPrivilege(Ljava/security/PrivilegedAction;Ljava/security/AccessControlContext;Ljava/security/AccessControlContext;)Ljava/lang/Object;+18 java.base@21.0.4
j  java.awt.EventQueue.dispatchEvent(Ljava/awt/AWTEvent;)V+46 java.desktop@21.0.4
j  java.awt.EventDispatchThread.pumpOneEventForFilters(I)V+81 java.desktop@21.0.4
j  java.awt.EventDispatchThread.pumpEventsForFilter(ILjava/awt/Conditional;Ljava/awt/EventFilter;)V+35 java.desktop@21.0.4
j  java.awt.EventDispatchThread.pumpEventsForHierarchy(ILjava/awt/Conditional;Ljava/awt/Component;)V+11 java.desktop@21.0.4
j  java.awt.EventDispatchThread.pumpEvents(ILjava/awt/Conditional;)V+4 java.desktop@21.0.4
j  java.awt.EventDispatchThread.pumpEvents(Ljava/awt/Conditional;)V+3 java.desktop@21.0.4
j  java.awt.EventDispatchThread.run()V+9 java.desktop@21.0.4
v  ~StubRoutines::call_stub 0x0000017b3327100d

siginfo: EXCEPTION_ACCESS_VIOLATION (0xc0000005), reading address 0x0000000000000028


Registers:
RAX=0x0000000000000000, RBX=0x0000017b43c73f60, RCX=0x0000000000000000, RDX=0x0000000000000000
RSP=0x0000004e29bfeac0, RBP=0x0000000000000000, RSI=0x0000000000000000, RDI=0x0000000000000000
R8 =0x0000000000000001, R9 =0x0000004e285b2000, R10=0x0000017b43c73fa0, R11=0x0000017b852506a8
R12=0x0000000000000000, R13=0x0000017b891adef0, R14=0x0000017b43a014c0, R15=0x0000000000000000
RIP=0x00007ff88083b319, EFLAGS=0x0000000000010246


Register to memory mapping:

RAX=0x0 is null
RBX=0x0000017b43c73f60 points into unknown readable memory: 0x0000017b892035f0 | f0 35 20 89 7b 01 00 00
RCX=0x0 is null
RDX=0x0 is null
RSP=0x0000004e29bfeac0 is pointing into the stack for thread: 0x0000017b892065a0
RBP=0x0 is null
RSI=0x0 is null
RDI=0x0 is null
R8 =0x0000000000000001 is an unknown value
R9 =0x0000004e285b2000 points into unknown readable memory: 0x0000000000000000 | 00 00 00 00 00 00 00 00
R10=0x0000017b43c73fa0 points into unknown readable memory: 0x0000001e00000003 | 03 00 00 00 1e 00 00 00
R11={method} {0x0000017b852506b0} '<init>' '(IIII)V' in 'java/awt/Rectangle'
R12=0x0 is null
R13=0x0000017b891adef0 points into unknown readable memory: 0x0000017b852506a8 | a8 06 25 85 7b 01 00 00
R14=0x0000017b43a014c0 points into unknown readable memory: 0x000000071ace5ec0 | c0 5e ce 1a 07 00 00 00
R15=0x0 is null

Top of Stack: (sp=0x0000004e29bfeac0)
0x0000004e29bfeac0:   00007ff88089a848 0000017b43c73f60
0x0000004e29bfead0:   0000017b89206958 0000017b43c73f60
0x0000004e29bfeae0:   0000017b89206958 00007ff88083a6a8
0x0000004e29bfeaf0:   0000017b43c73f60 0000017b43c73f60
0x0000004e29bfeb00:   0000000000000120 0000017b89206958
0x0000004e29bfeb10:   000000071ace3df0 0000017b85240008
0x0000004e29bfeb20:   0000000000000000 0000004e29bfeb40
0x0000004e29bfeb30:   0000000000000000 0000000000000000
0x0000004e29bfeb40:   0000b8dca4dcd884 000000071ace46f8
0x0000004e29bfeb50:   0000017b892065a0 0000004e29bfec38
0x0000004e29bfeb60:   0000017b8524c360 0000000000000000
0x0000004e29bfeb70:   0000017b332795b8 0000000000000120
0x0000004e29bfeb80:   0000004e29bfec10 0000017b332807b6
0x0000004e29bfeb90:   0000004e29bfeba8 0000017b8524c360
0x0000004e29bfeba0:   0000017b332791b4 0000000000000000
0x0000004e29bfebb0:   000000071ace46f8 000000071adc3510
0x0000004e29bfebc0:   000000071adc3510 0000004e29bfebc8
0x0000004e29bfebd0:   0000000000000000 0000000000000005
0x0000004e29bfebe0:   0000017b8524e778 0000000000000000
0x0000004e29bfebf0:   000000071ace5b38 0000017b8524c360
0x0000004e29bfec00:   0000000000000000 0000004e29bfec30
0x0000004e29bfec10:   0000004e29bfec88 0000017b332796b9
0x0000004e29bfec20:   0000000000000000 0000017b3327c6fa
0x0000004e29bfec30:   0000000000000000 000000071adc3510
0x0000004e29bfec40:   0000004e29bfec40 0000017b8524c408
0x0000004e29bfec50:   0000000000000002 0000017b8524e778
0x0000004e29bfec60:   0000000000000000 000000071ace5b38
0x0000004e29bfec70:   0000017b8524c420 0000004e29bfec30
0x0000004e29bfec80:   0000004e29bfec98 0000004e29bfece8
0x0000004e29bfec90:   0000017b332796b9 000000071adc3510
0x0000004e29bfeca0:   0000004e29bfeca0 0000017b8523fe5f
0x0000004e29bfecb0:   0000000000000003 0000017b85240f78 

Instructions: (pc=0x00007ff88083b319)
0x00007ff88083b219:   cc cc cc cc cc cc cc 48 89 5c 24 08 48 89 6c 24
0x00007ff88083b229:   10 48 89 74 24 18 57 48 83 ec 20 41 8b f8 0f b6
0x00007ff88083b239:   f2 48 8b e9 e8 0e cb f4 ff 48 8b d8 48 89 44 24
0x00007ff88083b249:   48 41 b8 01 00 00 00 8b d7 48 8b c8 e8 66 ca f4
0x00007ff88083b259:   ff 48 8b c8 44 0f b6 c6 48 8b d5 e8 97 fa ff ff
0x00007ff88083b269:   48 8b f8 48 8b cb e8 9c cc f4 ff 90 48 8b c7 48
0x00007ff88083b279:   8b 5c 24 30 48 8b 6c 24 38 48 8b 74 24 40 48 83
0x00007ff88083b289:   c4 20 5f c3 cc cc cc 48 8b 49 28 e9 37 07 00 00
0x00007ff88083b299:   cc cc cc cc cc cc cc 48 89 5c 24 08 57 48 83 ec
0x00007ff88083b2a9:   20 8b f9 e8 9f ca f4 ff 48 8b d8 48 89 44 24 38
0x00007ff88083b2b9:   41 b8 01 00 00 00 8b d7 48 8b c8 e8 f7 c9 f4 ff
0x00007ff88083b2c9:   48 8b 08 8b 39 48 8b cb e8 3a cc f4 ff 90 8b c7
0x00007ff88083b2d9:   48 8b 5c 24 30 48 83 c4 20 5f c3 cc cc cc cc cc
0x00007ff88083b2e9:   cc cc cc cc cc cc cc 48 89 5c 24 08 57 48 83 ec
0x00007ff88083b2f9:   20 8b f9 e8 4f ca f4 ff 48 8b d8 48 89 44 24 38
0x00007ff88083b309:   41 b8 01 00 00 00 8b d7 48 8b c8 e8 a7 c9 f4 ff
0x00007ff88083b319:   48 8b 78 28 48 8b cb e8 eb cb f4 ff 90 48 8b c7
0x00007ff88083b329:   48 8b 5c 24 30 48 83 c4 20 5f c3 cc cc cc cc cc
0x00007ff88083b339:   cc cc cc cc cc cc cc 48 89 5c 24 08 57 48 83 ec
0x00007ff88083b349:   20 8b f9 e8 ff c9 f4 ff 48 8b d8 48 89 44 24 38
0x00007ff88083b359:   41 b8 01 00 00 00 8b d7 48 8b c8 e8 57 c9 f4 ff
0x00007ff88083b369:   48 8b 78 30 48 8b cb e8 9b cb f4 ff 90 48 8b c7
0x00007ff88083b379:   48 8b 5c 24 30 48 83 c4 20 5f c3 cc cc cc cc cc
0x00007ff88083b389:   cc cc cc cc cc cc cc 48 89 5c 24 08 57 48 83 ec
0x00007ff88083b399:   20 8b f9 e8 af c9 f4 ff 48 8b d8 48 89 44 24 38
0x00007ff88083b3a9:   41 b8 01 00 00 00 8b d7 48 8b c8 e8 07 c9 f4 ff
0x00007ff88083b3b9:   48 8b 78 08 48 85 ff 74 07 48 8b bf 08 0c 00 00
0x00007ff88083b3c9:   48 8b cb e8 3f cb f4 ff 90 48 8b c7 48 8b 5c 24
0x00007ff88083b3d9:   30 48 83 c4 20 5f c3 f3 0f 10 41 48 c3 cc cc cc
0x00007ff88083b3e9:   cc cc cc cc cc cc cc f3 0f 10 41 4c c3 cc cc cc
0x00007ff88083b3f9:   cc cc cc cc cc cc cc 48 89 5c 24 10 48 89 6c 24
0x00007ff88083b409:   18 48 89 74 24 20 57 48 81 ec 20 01 00 00 48 8b 


Stack slot to memory mapping:

stack at sp + 0 slots: 0x00007ff88089a848 awt.dll
stack at sp + 1 slots: 0x0000017b43c73f60 points into unknown readable memory: 0x0000017b892035f0 | f0 35 20 89 7b 01 00 00
stack at sp + 2 slots: 0x0000017b89206958 points into unknown readable memory: 0x00007ffffcb847b0 | b0 47 b8 fc ff 7f 00 00
stack at sp + 3 slots: 0x0000017b43c73f60 points into unknown readable memory: 0x0000017b892035f0 | f0 35 20 89 7b 01 00 00
stack at sp + 4 slots: 0x0000017b89206958 points into unknown readable memory: 0x00007ffffcb847b0 | b0 47 b8 fc ff 7f 00 00
stack at sp + 5 slots: 0x00007ff88083a6a8 awt.dll
stack at sp + 6 slots: 0x0000017b43c73f60 points into unknown readable memory: 0x0000017b892035f0 | f0 35 20 89 7b 01 00 00
stack at sp + 7 slots: 0x0000017b43c73f60 points into unknown readable memory: 0x0000017b892035f0 | f0 35 20 89 7b 01 00 00


---------------  P R O C E S S  ---------------

Threads class SMR info:
_java_thread_list=0x0000017b8921b060, length=20, elements={
0x0000017b439f37b0, 0x0000017b439f69e0, 0x0000017b439fc3c0, 0x0000017b439fd080,
0x0000017b439ffd00, 0x0000017b43a14c70, 0x0000017b43a0b000, 0x0000017b43a191d0,
0x0000017b43ccfe60, 0x0000017b43cd9700, 0x0000017b43cddda0, 0x0000017b43a16d40,
0x0000017b43a17a60, 0x0000017b43a15990, 0x0000017b43a173d0, 0x0000017b43a180f0,
0x0000017b43a15300, 0x0000017b43a16020, 0x0000017b43a166b0, 0x0000017b892065a0
}

Java Threads: ( => current thread )
  0x0000017b439f37b0 JavaThread "Reference Handler"          daemon [_thread_blocked, id=15328, stack(0x0000004e29200000,0x0000004e29300000) (1024K)]
  0x0000017b439f69e0 JavaThread "Finalizer"                  daemon [_thread_blocked, id=13332, stack(0x0000004e29300000,0x0000004e29400000) (1024K)]
  0x0000017b439fc3c0 JavaThread "Signal Dispatcher"          daemon [_thread_blocked, id=22388, stack(0x0000004e29400000,0x0000004e29500000) (1024K)]
  0x0000017b439fd080 JavaThread "Attach Listener"            daemon [_thread_blocked, id=26628, stack(0x0000004e29500000,0x0000004e29600000) (1024K)]
  0x0000017b439ffd00 JavaThread "Service Thread"             daemon [_thread_blocked, id=21820, stack(0x0000004e29600000,0x0000004e29700000) (1024K)]
  0x0000017b43a14c70 JavaThread "Monitor Deflation Thread"   daemon [_thread_blocked, id=15508, stack(0x0000004e29700000,0x0000004e29800000) (1024K)]
  0x0000017b43a0b000 JavaThread "C2 CompilerThread0"         daemon [_thread_blocked, id=15452, stack(0x0000004e29800000,0x0000004e29900000) (1024K)]
  0x0000017b43a191d0 JavaThread "C1 CompilerThread0"         daemon [_thread_blocked, id=12992, stack(0x0000004e29900000,0x0000004e29a00000) (1024K)]
  0x0000017b43ccfe60 JavaThread "JDWP Transport Listener: dt_shmem" daemon [_thread_blocked, id=22524, stack(0x0000004e29d00000,0x0000004e29e00000) (1024K)]
  0x0000017b43cd9700 JavaThread "JDWP Event Helper Thread"   daemon [_thread_blocked, id=11492, stack(0x0000004e29e00000,0x0000004e29f00000) (1024K)]
  0x0000017b43cddda0 JavaThread "JDWP Command Reader"        daemon [_thread_in_native, id=16364, stack(0x0000004e29f00000,0x0000004e2a000000) (1024K)]
  0x0000017b43a16d40 JavaThread "Notification Thread"        daemon [_thread_blocked, id=1952, stack(0x0000004e2a000000,0x0000004e2a100000) (1024K)]
  0x0000017b43a17a60 JavaThread "Common-Cleaner"             daemon [_thread_blocked, id=16876, stack(0x0000004e2a100000,0x0000004e2a200000) (1024K)]
  0x0000017b43a15990 JavaThread "Java2D Disposer"            daemon [_thread_blocked, id=13336, stack(0x0000004e2a200000,0x0000004e2a300000) (1024K)]
  0x0000017b43a173d0 JavaThread "AWT-Windows"                daemon [_thread_in_native, id=19648, stack(0x0000004e2a400000,0x0000004e2a500000) (1024K)]
  0x0000017b43a180f0 JavaThread "main"                              [_thread_blocked, id=1208, stack(0x0000004e2a500000,0x0000004e2a600000) (1024K)]
  0x0000017b43a15300 JavaThread "BlueJ worker thread"               [_thread_blocked, id=14456, stack(0x0000004e2a600000,0x0000004e2a700000) (1024K)]
  0x0000017b43a16020 JavaThread "DestroyJavaVM"                     [_thread_blocked, id=6800, stack(0x0000004e28a00000,0x0000004e28b00000) (1024K)]
  0x0000017b43a166b0 JavaThread "AWT-Shutdown"                      [_thread_blocked, id=24796, stack(0x0000004e29a00000,0x0000004e29b00000) (1024K)]
=>0x0000017b892065a0 JavaThread "AWT-EventQueue-0"                  [_thread_in_native, id=15248, stack(0x0000004e29b00000,0x0000004e29c00000) (1024K)]
Total: 20

Other Threads:
  0x0000017b439d0210 VMThread "VM Thread"                           [id=25368, stack(0x0000004e29100000,0x0000004e29200000) (1024K)]
  0x0000017b439b73c0 WatcherThread "VM Periodic Task Thread"        [id=17516, stack(0x0000004e29000000,0x0000004e29100000) (1024K)]
  0x0000017b236cc880 WorkerThread "GC Thread#0"                     [id=26820, stack(0x0000004e28b00000,0x0000004e28c00000) (1024K)]
  0x0000017b236dcc30 ConcurrentGCThread "G1 Main Marker"            [id=21608, stack(0x0000004e28c00000,0x0000004e28d00000) (1024K)]
  0x0000017b236dedc0 WorkerThread "G1 Conc#0"                       [id=26132, stack(0x0000004e28d00000,0x0000004e28e00000) (1024K)]
  0x0000017b43887c50 ConcurrentGCThread "G1 Refine#0"               [id=10948, stack(0x0000004e28e00000,0x0000004e28f00000) (1024K)]
  0x0000017b43889580 ConcurrentGCThread "G1 Service"                [id=25396, stack(0x0000004e28f00000,0x0000004e29000000) (1024K)]
Total: 7

Threads with active compile tasks:
Total: 0

VM state: not at safepoint (normal execution)

VM Mutex/Monitor currently owned by a thread: None

Heap address: 0x000000070c200000, size: 3902 MB, Compressed Oops mode: Zero based, Oop shift amount: 3

CDS archive(s) mapped at: [0x0000017b44000000-0x0000017b44c90000-0x0000017b44c90000), size 13172736, SharedBaseAddress: 0x0000017b44000000, ArchiveRelocationMode: 1.
Compressed class space mapped at: 0x0000017b45000000-0x0000017b85000000, reserved size: 1073741824
Narrow klass base: 0x0000017b44000000, Narrow klass shift: 0, Narrow klass range: 0x100000000

GC Precious Log:
 CardTable entry size: 512
 Card Set container configuration: InlinePtr #cards 4 size 8 Array Of Cards #cards 16 size 48 Howl #buckets 8 coarsen threshold 3686 Howl Bitmap #cards 512 size 80 coarsen threshold 460 Card regions per heap region 1 cards per card region 4096
 CPUs: 16 total, 16 available
 Memory: 15606M
 Large Page Support: Disabled
 NUMA Support: Disabled
 Compressed Oops: Enabled (Zero based)
 Heap Region Size: 2M
 Heap Min Capacity: 8M
 Heap Initial Capacity: 244M
 Heap Max Capacity: 3902M
 Pre-touch: Disabled
 Parallel Workers: 13
 Concurrent Workers: 3
 Concurrent Refinement Workers: 13
 Periodic GC: Disabled

Heap:
 garbage-first heap   total 249856K, used 8192K [0x000000070c200000, 0x0000000800000000)
  region size 2048K, 5 young (10240K), 0 survivors (0K)
 Metaspace       used 2755K, committed 2880K, reserved 1114112K
  class space    used 255K, committed 320K, reserved 1048576K

Heap Regions: E=young(eden), S=young(survivor), O=old, HS=humongous(starts), HC=humongous(continues), CS=collection set, F=free, TAMS=top-at-mark-start, PB=parsable bottom
|   0|0x000000070c200000, 0x000000070c200000, 0x000000070c400000|  0%| F|  |TAMS 0x000000070c200000| PB 0x000000070c200000| Untracked 
|   1|0x000000070c400000, 0x000000070c400000, 0x000000070c600000|  0%| F|  |TAMS 0x000000070c400000| PB 0x000000070c400000| Untracked 
|   2|0x000000070c600000, 0x000000070c600000, 0x000000070c800000|  0%| F|  |TAMS 0x000000070c600000| PB 0x000000070c600000| Untracked 
|   3|0x000000070c800000, 0x000000070c800000, 0x000000070ca00000|  0%| F|  |TAMS 0x000000070c800000| PB 0x000000070c800000| Untracked 
|   4|0x000000070ca00000, 0x000000070ca00000, 0x000000070cc00000|  0%| F|  |TAMS 0x000000070ca00000| PB 0x000000070ca00000| Untracked 
|   5|0x000000070cc00000, 0x000000070cc00000, 0x000000070ce00000|  0%| F|  |TAMS 0x000000070cc00000| PB 0x000000070cc00000| Untracked 
|   6|0x000000070ce00000, 0x000000070ce00000, 0x000000070d000000|  0%| F|  |TAMS 0x000000070ce00000| PB 0x000000070ce00000| Untracked 
|   7|0x000000070d000000, 0x000000070d000000, 0x000000070d200000|  0%| F|  |TAMS 0x000000070d000000| PB 0x000000070d000000| Untracked 
|   8|0x000000070d200000, 0x000000070d200000, 0x000000070d400000|  0%| F|  |TAMS 0x000000070d200000| PB 0x000000070d200000| Untracked 
|   9|0x000000070d400000, 0x000000070d400000, 0x000000070d600000|  0%| F|  |TAMS 0x000000070d400000| PB 0x000000070d400000| Untracked 
|  10|0x000000070d600000, 0x000000070d600000, 0x000000070d800000|  0%| F|  |TAMS 0x000000070d600000| PB 0x000000070d600000| Untracked 
|  11|0x000000070d800000, 0x000000070d800000, 0x000000070da00000|  0%| F|  |TAMS 0x000000070d800000| PB 0x000000070d800000| Untracked 
|  12|0x000000070da00000, 0x000000070da00000, 0x000000070dc00000|  0%| F|  |TAMS 0x000000070da00000| PB 0x000000070da00000| Untracked 
|  13|0x000000070dc00000, 0x000000070dc00000, 0x000000070de00000|  0%| F|  |TAMS 0x000000070dc00000| PB 0x000000070dc00000| Untracked 
|  14|0x000000070de00000, 0x000000070de00000, 0x000000070e000000|  0%| F|  |TAMS 0x000000070de00000| PB 0x000000070de00000| Untracked 
|  15|0x000000070e000000, 0x000000070e000000, 0x000000070e200000|  0%| F|  |TAMS 0x000000070e000000| PB 0x000000070e000000| Untracked 
|  16|0x000000070e200000, 0x000000070e200000, 0x000000070e400000|  0%| F|  |TAMS 0x000000070e200000| PB 0x000000070e200000| Untracked 
|  17|0x000000070e400000, 0x000000070e400000, 0x000000070e600000|  0%| F|  |TAMS 0x000000070e400000| PB 0x000000070e400000| Untracked 
|  18|0x000000070e600000, 0x000000070e600000, 0x000000070e800000|  0%| F|  |TAMS 0x000000070e600000| PB 0x000000070e600000| Untracked 
|  19|0x000000070e800000, 0x000000070e800000, 0x000000070ea00000|  0%| F|  |TAMS 0x000000070e800000| PB 0x000000070e800000| Untracked 
|  20|0x000000070ea00000, 0x000000070ea00000, 0x000000070ec00000|  0%| F|  |TAMS 0x000000070ea00000| PB 0x000000070ea00000| Untracked 
|  21|0x000000070ec00000, 0x000000070ec00000, 0x000000070ee00000|  0%| F|  |TAMS 0x000000070ec00000| PB 0x000000070ec00000| Untracked 
|  22|0x000000070ee00000, 0x000000070ee00000, 0x000000070f000000|  0%| F|  |TAMS 0x000000070ee00000| PB 0x000000070ee00000| Untracked 
|  23|0x000000070f000000, 0x000000070f000000, 0x000000070f200000|  0%| F|  |TAMS 0x000000070f000000| PB 0x000000070f000000| Untracked 
|  24|0x000000070f200000, 0x000000070f200000, 0x000000070f400000|  0%| F|  |TAMS 0x000000070f200000| PB 0x000000070f200000| Untracked 
|  25|0x000000070f400000, 0x000000070f400000, 0x000000070f600000|  0%| F|  |TAMS 0x000000070f400000| PB 0x000000070f400000| Untracked 
|  26|0x000000070f600000, 0x000000070f600000, 0x000000070f800000|  0%| F|  |TAMS 0x000000070f600000| PB 0x000000070f600000| Untracked 
|  27|0x000000070f800000, 0x000000070f800000, 0x000000070fa00000|  0%| F|  |TAMS 0x000000070f800000| PB 0x000000070f800000| Untracked 
|  28|0x000000070fa00000, 0x000000070fa00000, 0x000000070fc00000|  0%| F|  |TAMS 0x000000070fa00000| PB 0x000000070fa00000| Untracked 
|  29|0x000000070fc00000, 0x000000070fc00000, 0x000000070fe00000|  0%| F|  |TAMS 0x000000070fc00000| PB 0x000000070fc00000| Untracked 
|  30|0x000000070fe00000, 0x000000070fe00000, 0x0000000710000000|  0%| F|  |TAMS 0x000000070fe00000| PB 0x000000070fe00000| Untracked 
|  31|0x0000000710000000, 0x0000000710000000, 0x0000000710200000|  0%| F|  |TAMS 0x0000000710000000| PB 0x0000000710000000| Untracked 
|  32|0x0000000710200000, 0x0000000710200000, 0x0000000710400000|  0%| F|  |TAMS 0x0000000710200000| PB 0x0000000710200000| Untracked 
|  33|0x0000000710400000, 0x0000000710400000, 0x0000000710600000|  0%| F|  |TAMS 0x0000000710400000| PB 0x0000000710400000| Untracked 
|  34|0x0000000710600000, 0x0000000710600000, 0x0000000710800000|  0%| F|  |TAMS 0x0000000710600000| PB 0x0000000710600000| Untracked 
|  35|0x0000000710800000, 0x0000000710800000, 0x0000000710a00000|  0%| F|  |TAMS 0x0000000710800000| PB 0x0000000710800000| Untracked 
|  36|0x0000000710a00000, 0x0000000710a00000, 0x0000000710c00000|  0%| F|  |TAMS 0x0000000710a00000| PB 0x0000000710a00000| Untracked 
|  37|0x0000000710c00000, 0x0000000710c00000, 0x0000000710e00000|  0%| F|  |TAMS 0x0000000710c00000| PB 0x0000000710c00000| Untracked 
|  38|0x0000000710e00000, 0x0000000710e00000, 0x0000000711000000|  0%| F|  |TAMS 0x0000000710e00000| PB 0x0000000710e00000| Untracked 
|  39|0x0000000711000000, 0x0000000711000000, 0x0000000711200000|  0%| F|  |TAMS 0x0000000711000000| PB 0x0000000711000000| Untracked 
|  40|0x0000000711200000, 0x0000000711200000, 0x0000000711400000|  0%| F|  |TAMS 0x0000000711200000| PB 0x0000000711200000| Untracked 
|  41|0x0000000711400000, 0x0000000711400000, 0x0000000711600000|  0%| F|  |TAMS 0x0000000711400000| PB 0x0000000711400000| Untracked 
|  42|0x0000000711600000, 0x0000000711600000, 0x0000000711800000|  0%| F|  |TAMS 0x0000000711600000| PB 0x0000000711600000| Untracked 
|  43|0x0000000711800000, 0x0000000711800000, 0x0000000711a00000|  0%| F|  |TAMS 0x0000000711800000| PB 0x0000000711800000| Untracked 
|  44|0x0000000711a00000, 0x0000000711a00000, 0x0000000711c00000|  0%| F|  |TAMS 0x0000000711a00000| PB 0x0000000711a00000| Untracked 
|  45|0x0000000711c00000, 0x0000000711c00000, 0x0000000711e00000|  0%| F|  |TAMS 0x0000000711c00000| PB 0x0000000711c00000| Untracked 
|  46|0x0000000711e00000, 0x0000000711e00000, 0x0000000712000000|  0%| F|  |TAMS 0x0000000711e00000| PB 0x0000000711e00000| Untracked 
|  47|0x0000000712000000, 0x0000000712000000, 0x0000000712200000|  0%| F|  |TAMS 0x0000000712000000| PB 0x0000000712000000| Untracked 
|  48|0x0000000712200000, 0x0000000712200000, 0x0000000712400000|  0%| F|  |TAMS 0x0000000712200000| PB 0x0000000712200000| Untracked 
|  49|0x0000000712400000, 0x0000000712400000, 0x0000000712600000|  0%| F|  |TAMS 0x0000000712400000| PB 0x0000000712400000| Untracked 
|  50|0x0000000712600000, 0x0000000712600000, 0x0000000712800000|  0%| F|  |TAMS 0x0000000712600000| PB 0x0000000712600000| Untracked 
|  51|0x0000000712800000, 0x0000000712800000, 0x0000000712a00000|  0%| F|  |TAMS 0x0000000712800000| PB 0x0000000712800000| Untracked 
|  52|0x0000000712a00000, 0x0000000712a00000, 0x0000000712c00000|  0%| F|  |TAMS 0x0000000712a00000| PB 0x0000000712a00000| Untracked 
|  53|0x0000000712c00000, 0x0000000712c00000, 0x0000000712e00000|  0%| F|  |TAMS 0x0000000712c00000| PB 0x0000000712c00000| Untracked 
|  54|0x0000000712e00000, 0x0000000712e00000, 0x0000000713000000|  0%| F|  |TAMS 0x0000000712e00000| PB 0x0000000712e00000| Untracked 
|  55|0x0000000713000000, 0x0000000713000000, 0x0000000713200000|  0%| F|  |TAMS 0x0000000713000000| PB 0x0000000713000000| Untracked 
|  56|0x0000000713200000, 0x0000000713200000, 0x0000000713400000|  0%| F|  |TAMS 0x0000000713200000| PB 0x0000000713200000| Untracked 
|  57|0x0000000713400000, 0x0000000713400000, 0x0000000713600000|  0%| F|  |TAMS 0x0000000713400000| PB 0x0000000713400000| Untracked 
|  58|0x0000000713600000, 0x0000000713600000, 0x0000000713800000|  0%| F|  |TAMS 0x0000000713600000| PB 0x0000000713600000| Untracked 
|  59|0x0000000713800000, 0x0000000713800000, 0x0000000713a00000|  0%| F|  |TAMS 0x0000000713800000| PB 0x0000000713800000| Untracked 
|  60|0x0000000713a00000, 0x0000000713a00000, 0x0000000713c00000|  0%| F|  |TAMS 0x0000000713a00000| PB 0x0000000713a00000| Untracked 
|  61|0x0000000713c00000, 0x0000000713c00000, 0x0000000713e00000|  0%| F|  |TAMS 0x0000000713c00000| PB 0x0000000713c00000| Untracked 
|  62|0x0000000713e00000, 0x0000000713e00000, 0x0000000714000000|  0%| F|  |TAMS 0x0000000713e00000| PB 0x0000000713e00000| Untracked 
|  63|0x0000000714000000, 0x0000000714000000, 0x0000000714200000|  0%| F|  |TAMS 0x0000000714000000| PB 0x0000000714000000| Untracked 
|  64|0x0000000714200000, 0x0000000714200000, 0x0000000714400000|  0%| F|  |TAMS 0x0000000714200000| PB 0x0000000714200000| Untracked 
|  65|0x0000000714400000, 0x0000000714400000, 0x0000000714600000|  0%| F|  |TAMS 0x0000000714400000| PB 0x0000000714400000| Untracked 
|  66|0x0000000714600000, 0x0000000714600000, 0x0000000714800000|  0%| F|  |TAMS 0x0000000714600000| PB 0x0000000714600000| Untracked 
|  67|0x0000000714800000, 0x0000000714800000, 0x0000000714a00000|  0%| F|  |TAMS 0x0000000714800000| PB 0x0000000714800000| Untracked 
|  68|0x0000000714a00000, 0x0000000714a00000, 0x0000000714c00000|  0%| F|  |TAMS 0x0000000714a00000| PB 0x0000000714a00000| Untracked 
|  69|0x0000000714c00000, 0x0000000714c00000, 0x0000000714e00000|  0%| F|  |TAMS 0x0000000714c00000| PB 0x0000000714c00000| Untracked 
|  70|0x0000000714e00000, 0x0000000714e00000, 0x0000000715000000|  0%| F|  |TAMS 0x0000000714e00000| PB 0x0000000714e00000| Untracked 
|  71|0x0000000715000000, 0x0000000715000000, 0x0000000715200000|  0%| F|  |TAMS 0x0000000715000000| PB 0x0000000715000000| Untracked 
|  72|0x0000000715200000, 0x0000000715200000, 0x0000000715400000|  0%| F|  |TAMS 0x0000000715200000| PB 0x0000000715200000| Untracked 
|  73|0x0000000715400000, 0x0000000715400000, 0x0000000715600000|  0%| F|  |TAMS 0x0000000715400000| PB 0x0000000715400000| Untracked 
|  74|0x0000000715600000, 0x0000000715600000, 0x0000000715800000|  0%| F|  |TAMS 0x0000000715600000| PB 0x0000000715600000| Untracked 
|  75|0x0000000715800000, 0x0000000715800000, 0x0000000715a00000|  0%| F|  |TAMS 0x0000000715800000| PB 0x0000000715800000| Untracked 
|  76|0x0000000715a00000, 0x0000000715a00000, 0x0000000715c00000|  0%| F|  |TAMS 0x0000000715a00000| PB 0x0000000715a00000| Untracked 
|  77|0x0000000715c00000, 0x0000000715c00000, 0x0000000715e00000|  0%| F|  |TAMS 0x0000000715c00000| PB 0x0000000715c00000| Untracked 
|  78|0x0000000715e00000, 0x0000000715e00000, 0x0000000716000000|  0%| F|  |TAMS 0x0000000715e00000| PB 0x0000000715e00000| Untracked 
|  79|0x0000000716000000, 0x0000000716000000, 0x0000000716200000|  0%| F|  |TAMS 0x0000000716000000| PB 0x0000000716000000| Untracked 
|  80|0x0000000716200000, 0x0000000716200000, 0x0000000716400000|  0%| F|  |TAMS 0x0000000716200000| PB 0x0000000716200000| Untracked 
|  81|0x0000000716400000, 0x0000000716400000, 0x0000000716600000|  0%| F|  |TAMS 0x0000000716400000| PB 0x0000000716400000| Untracked 
|  82|0x0000000716600000, 0x0000000716600000, 0x0000000716800000|  0%| F|  |TAMS 0x0000000716600000| PB 0x0000000716600000| Untracked 
|  83|0x0000000716800000, 0x0000000716800000, 0x0000000716a00000|  0%| F|  |TAMS 0x0000000716800000| PB 0x0000000716800000| Untracked 
|  84|0x0000000716a00000, 0x0000000716a00000, 0x0000000716c00000|  0%| F|  |TAMS 0x0000000716a00000| PB 0x0000000716a00000| Untracked 
|  85|0x0000000716c00000, 0x0000000716c00000, 0x0000000716e00000|  0%| F|  |TAMS 0x0000000716c00000| PB 0x0000000716c00000| Untracked 
|  86|0x0000000716e00000, 0x0000000716e00000, 0x0000000717000000|  0%| F|  |TAMS 0x0000000716e00000| PB 0x0000000716e00000| Untracked 
|  87|0x0000000717000000, 0x0000000717000000, 0x0000000717200000|  0%| F|  |TAMS 0x0000000717000000| PB 0x0000000717000000| Untracked 
|  88|0x0000000717200000, 0x0000000717200000, 0x0000000717400000|  0%| F|  |TAMS 0x0000000717200000| PB 0x0000000717200000| Untracked 
|  89|0x0000000717400000, 0x0000000717400000, 0x0000000717600000|  0%| F|  |TAMS 0x0000000717400000| PB 0x0000000717400000| Untracked 
|  90|0x0000000717600000, 0x0000000717600000, 0x0000000717800000|  0%| F|  |TAMS 0x0000000717600000| PB 0x0000000717600000| Untracked 
|  91|0x0000000717800000, 0x0000000717800000, 0x0000000717a00000|  0%| F|  |TAMS 0x0000000717800000| PB 0x0000000717800000| Untracked 
|  92|0x0000000717a00000, 0x0000000717a00000, 0x0000000717c00000|  0%| F|  |TAMS 0x0000000717a00000| PB 0x0000000717a00000| Untracked 
|  93|0x0000000717c00000, 0x0000000717c00000, 0x0000000717e00000|  0%| F|  |TAMS 0x0000000717c00000| PB 0x0000000717c00000| Untracked 
|  94|0x0000000717e00000, 0x0000000717e00000, 0x0000000718000000|  0%| F|  |TAMS 0x0000000717e00000| PB 0x0000000717e00000| Untracked 
|  95|0x0000000718000000, 0x0000000718000000, 0x0000000718200000|  0%| F|  |TAMS 0x0000000718000000| PB 0x0000000718000000| Untracked 
|  96|0x0000000718200000, 0x0000000718200000, 0x0000000718400000|  0%| F|  |TAMS 0x0000000718200000| PB 0x0000000718200000| Untracked 
|  97|0x0000000718400000, 0x0000000718400000, 0x0000000718600000|  0%| F|  |TAMS 0x0000000718400000| PB 0x0000000718400000| Untracked 
|  98|0x0000000718600000, 0x0000000718600000, 0x0000000718800000|  0%| F|  |TAMS 0x0000000718600000| PB 0x0000000718600000| Untracked 
|  99|0x0000000718800000, 0x0000000718800000, 0x0000000718a00000|  0%| F|  |TAMS 0x0000000718800000| PB 0x0000000718800000| Untracked 
| 100|0x0000000718a00000, 0x0000000718a00000, 0x0000000718c00000|  0%| F|  |TAMS 0x0000000718a00000| PB 0x0000000718a00000| Untracked 
| 101|0x0000000718c00000, 0x0000000718c00000, 0x0000000718e00000|  0%| F|  |TAMS 0x0000000718c00000| PB 0x0000000718c00000| Untracked 
| 102|0x0000000718e00000, 0x0000000718e00000, 0x0000000719000000|  0%| F|  |TAMS 0x0000000718e00000| PB 0x0000000718e00000| Untracked 
| 103|0x0000000719000000, 0x0000000719000000, 0x0000000719200000|  0%| F|  |TAMS 0x0000000719000000| PB 0x0000000719000000| Untracked 
| 104|0x0000000719200000, 0x0000000719200000, 0x0000000719400000|  0%| F|  |TAMS 0x0000000719200000| PB 0x0000000719200000| Untracked 
| 105|0x0000000719400000, 0x0000000719400000, 0x0000000719600000|  0%| F|  |TAMS 0x0000000719400000| PB 0x0000000719400000| Untracked 
| 106|0x0000000719600000, 0x0000000719600000, 0x0000000719800000|  0%| F|  |TAMS 0x0000000719600000| PB 0x0000000719600000| Untracked 
| 107|0x0000000719800000, 0x0000000719800000, 0x0000000719a00000|  0%| F|  |TAMS 0x0000000719800000| PB 0x0000000719800000| Untracked 
| 108|0x0000000719a00000, 0x0000000719a00000, 0x0000000719c00000|  0%| F|  |TAMS 0x0000000719a00000| PB 0x0000000719a00000| Untracked 
| 109|0x0000000719c00000, 0x0000000719c00000, 0x0000000719e00000|  0%| F|  |TAMS 0x0000000719c00000| PB 0x0000000719c00000| Untracked 
| 110|0x0000000719e00000, 0x0000000719e00000, 0x000000071a000000|  0%| F|  |TAMS 0x0000000719e00000| PB 0x0000000719e00000| Untracked 
| 111|0x000000071a000000, 0x000000071a000000, 0x000000071a200000|  0%| F|  |TAMS 0x000000071a000000| PB 0x000000071a000000| Untracked 
| 112|0x000000071a200000, 0x000000071a200000, 0x000000071a400000|  0%| F|  |TAMS 0x000000071a200000| PB 0x000000071a200000| Untracked 
| 113|0x000000071a400000, 0x000000071a400000, 0x000000071a600000|  0%| F|  |TAMS 0x000000071a400000| PB 0x000000071a400000| Untracked 
| 114|0x000000071a600000, 0x000000071a600000, 0x000000071a800000|  0%| F|  |TAMS 0x000000071a600000| PB 0x000000071a600000| Untracked 
| 115|0x000000071a800000, 0x000000071a800000, 0x000000071aa00000|  0%| F|  |TAMS 0x000000071a800000| PB 0x000000071a800000| Untracked 
| 116|0x000000071aa00000, 0x000000071aa00000, 0x000000071ac00000|  0%| F|  |TAMS 0x000000071aa00000| PB 0x000000071aa00000| Untracked 
| 117|0x000000071ac00000, 0x000000071ae00000, 0x000000071ae00000|100%| E|  |TAMS 0x000000071ac00000| PB 0x000000071ac00000| Complete 
| 118|0x000000071ae00000, 0x000000071b000000, 0x000000071b000000|100%| E|CS|TAMS 0x000000071ae00000| PB 0x000000071ae00000| Complete 
| 119|0x000000071b000000, 0x000000071b200000, 0x000000071b200000|100%| E|CS|TAMS 0x000000071b000000| PB 0x000000071b000000| Complete 
| 120|0x000000071b200000, 0x000000071b400000, 0x000000071b400000|100%| E|CS|TAMS 0x000000071b200000| PB 0x000000071b200000| Complete 
| 121|0x000000071b400000, 0x000000071b600000, 0x000000071b600000|100%| E|CS|TAMS 0x000000071b400000| PB 0x000000071b400000| Complete 

Card table byte_map: [0x0000017b3c5a0000,0x0000017b3cd40000] _byte_map_base: 0x0000017b38d3f000

Marking Bits: (CMBitMap*) 0x0000017b236ccf80
 Bits: [0x0000017b3cd40000, 0x0000017b40a38000)

Polling page: 0x0000017b21dc0000

Metaspace:

Usage:
  Non-class:      2.44 MB used.
      Class:    255.83 KB used.
       Both:      2.69 MB used.

Virtual space:
  Non-class space:       64.00 MB reserved,       2.50 MB (  4%) committed,  1 nodes.
      Class space:        1.00 GB reserved,     320.00 KB ( <1%) committed,  1 nodes.
             Both:        1.06 GB reserved,       2.81 MB ( <1%) committed. 

Chunk freelists:
   Non-Class:  11.88 MB
       Class:  15.70 MB
        Both:  27.58 MB

MaxMetaspaceSize: unlimited
CompressedClassSpaceSize: 1.00 GB
Initial GC threshold: 21.00 MB
Current GC threshold: 21.00 MB
CDS: on
 - commit_granule_bytes: 65536.
 - commit_granule_words: 8192.
 - virtual_space_node_default_size: 8388608.
 - enlarge_chunks_in_place: 1.
 - use_allocation_guard: 0.


Internal statistics:

num_allocs_failed_limit: 0.
num_arena_births: 90.
num_arena_deaths: 0.
num_vsnodes_births: 2.
num_vsnodes_deaths: 0.
num_space_committed: 45.
num_space_uncommitted: 0.
num_chunks_returned_to_freelist: 0.
num_chunks_taken_from_freelist: 107.
num_chunk_merges: 0.
num_chunk_splits: 69.
num_chunks_enlarged: 32.
num_inconsistent_stats: 0.

CodeHeap 'non-profiled nmethods': size=119168Kb used=133Kb max_used=133Kb free=119034Kb
 bounds [0x0000017b339c0000, 0x0000017b33c30000, 0x0000017b3ae20000]
CodeHeap 'profiled nmethods': size=119104Kb used=615Kb max_used=615Kb free=118488Kb
 bounds [0x0000017b2be20000, 0x0000017b2c090000, 0x0000017b33270000]
CodeHeap 'non-nmethods': size=7488Kb used=1448Kb max_used=3147Kb free=6039Kb
 bounds [0x0000017b33270000, 0x0000017b33590000, 0x0000017b339c0000]
 total_blobs=902 nmethods=418 adapters=389
 compilation: enabled
              stopped_count=0, restarted_count=0
 full_count=0

Compilation events (20 events):
Event: 0.867 Thread 0x0000017b43c76180  409       3       java.lang.String::startsWith (123 bytes)
Event: 0.867 Thread 0x0000017b43c7cc50 nmethod 407 0x0000017b339e0c10 code [0x0000017b339e0da0, 0x0000017b339e0e70]
Event: 0.867 Thread 0x0000017b43a191d0  410       3       java.lang.String::startsWith (7 bytes)
Event: 0.867 Thread 0x0000017b43c73ac0  411       3       java.util.ArrayList::add (25 bytes)
Event: 0.867 Thread 0x0000017b43c7cc50  412       3       java.util.ArrayList::add (23 bytes)
Event: 0.868 Thread 0x0000017b43a191d0 nmethod 410 0x0000017b2beb4f90 code [0x0000017b2beb5140, 0x0000017b2beb5298]
Event: 0.868 Thread 0x0000017b43c7cc50 nmethod 412 0x0000017b2beb5390 code [0x0000017b2beb5560, 0x0000017b2beb5918]
Event: 0.868 Thread 0x0000017b43c73ac0 nmethod 411 0x0000017b2beb5a90 code [0x0000017b2beb5c60, 0x0000017b2beb6098]
Event: 0.868 Thread 0x0000017b43c76180 nmethod 409 0x0000017b2beb6290 code [0x0000017b2beb64c0, 0x0000017b2beb6c98]
Event: 0.871 Thread 0x0000017b43a0b000 nmethod 408% 0x0000017b339e0f10 code [0x0000017b339e10a0, 0x0000017b339e12e8]
Event: 4.521 Thread 0x0000017b43c76180  414       3       java.util.concurrent.ConcurrentHashMap$Traverser::advance (188 bytes)
Event: 4.522 Thread 0x0000017b43c76180 nmethod 414 0x0000017b2beb6f10 code [0x0000017b2beb7160, 0x0000017b2beb7d40]
Event: 5.940 Thread 0x0000017b43a191d0  415       3       java.util.concurrent.ConcurrentHashMap$BaseIterator::hasNext (13 bytes)
Event: 5.941 Thread 0x0000017b43a191d0 nmethod 415 0x0000017b2beb8010 code [0x0000017b2beb81a0, 0x0000017b2beb8310]
Event: 6.022 Thread 0x0000017b43a191d0  416       3       java.lang.invoke.MethodHandle::<init> (37 bytes)
Event: 6.022 Thread 0x0000017b43a191d0 nmethod 416 0x0000017b2beb8390 code [0x0000017b2beb85a0, 0x0000017b2beb8b50]
Event: 6.022 Thread 0x0000017b43a191d0  417       3       java.lang.invoke.LambdaForm::prepare (108 bytes)
Event: 6.024 Thread 0x0000017b43a191d0 nmethod 417 0x0000017b2beb8e10 code [0x0000017b2beb9060, 0x0000017b2beb98a0]
Event: 7.039 Thread 0x0000017b43a191d0  418       3       java.util.HashMap::isEmpty (13 bytes)
Event: 7.039 Thread 0x0000017b43a191d0 nmethod 418 0x0000017b2beb9b90 code [0x0000017b2beb9d20, 0x0000017b2beb9e88]

GC Heap History (0 events):
No events

Dll operation events (7 events):
Event: 0.017 Loaded shared library C:\Users\Administrator\Desktop\BlueJ\jdk\bin\java.dll
Event: 0.066 Loaded shared library C:\Users\Administrator\Desktop\BlueJ\jdk\bin\jsvml.dll
Event: 0.377 Loaded shared library C:\Users\Administrator\Desktop\bluej\jdk\bin\net.dll
Event: 0.381 Loaded shared library C:\Users\Administrator\Desktop\bluej\jdk\bin\nio.dll
Event: 0.415 Loaded shared library C:\Users\Administrator\Desktop\bluej\jdk\bin\zip.dll
Event: 0.537 Loaded shared library C:\Users\Administrator\Desktop\bluej\jdk\bin\jimage.dll
Event: 0.637 Loaded shared library C:\Users\Administrator\Desktop\bluej\jdk\bin\awt.dll

Deoptimization events (4 events):
Event: 0.466 Thread 0x0000017b21c411f0 Uncommon trap: trap_request=0xffffff45 fr.pc=0x0000017b339c89a0 relative=0x0000000000000980
Event: 0.466 Thread 0x0000017b21c411f0 Uncommon trap: reason=unstable_if action=reinterpret pc=0x0000017b339c89a0 method=java.util.zip.ZipFile$Source.checkAndAddEntry(II)I @ 128 c2
Event: 0.466 Thread 0x0000017b21c411f0 DEOPT PACKING pc=0x0000017b339c89a0 sp=0x0000004e28afa6e0
Event: 0.466 Thread 0x0000017b21c411f0 DEOPT UNPACKING pc=0x0000017b332c46a2 sp=0x0000004e28afa670 mode 2

Classes loaded (20 events):
Event: 6.023 Loading class sun/awt/Win32GraphicsConfig
Event: 6.023 Loading class sun/awt/image/SurfaceManager$ProxiedGraphicsConfig
Event: 6.023 Loading class sun/awt/image/SurfaceManager$ProxiedGraphicsConfig done
Event: 6.023 Loading class java/awt/GraphicsConfiguration
Event: 6.023 Loading class java/awt/GraphicsConfiguration done
Event: 6.023 Loading class sun/awt/Win32GraphicsConfig done
Event: 6.024 Loading class java/awt/Rectangle
Event: 6.024 Loading class java/awt/Shape
Event: 6.024 Loading class java/awt/Shape done
Event: 6.024 Loading class java/awt/geom/Rectangle2D
Event: 6.024 Loading class java/awt/geom/RectangularShape
Event: 6.024 Loading class java/awt/geom/RectangularShape done
Event: 6.024 Loading class java/awt/geom/Rectangle2D done
Event: 6.024 Loading class java/awt/Rectangle done
Event: 7.038 Loading class sun/awt/AppContext$PostShutdownEventRunnable
Event: 7.039 Loading class sun/awt/AppContext$PostShutdownEventRunnable done
Event: 7.039 Loading class sun/awt/AWTAutoShutdown$1
Event: 7.039 Loading class sun/awt/AWTAutoShutdown$1 done
Event: 9.983 Loading class java/util/ArrayList$ListItr
Event: 9.984 Loading class java/util/ArrayList$ListItr done

Classes unloaded (0 events):
No events

Classes redefined (0 events):
No events

Internal exceptions (3 events):
Event: 0.509 Thread 0x0000017b21c411f0 Exception <a 'java/lang/ClassNotFoundException'{0x000000071b01e388}: sun/awt/resources/spi/awtProvider> (0x000000071b01e388) 
thrown [s\src\hotspot\share\classfile\systemDictionary.cpp, line 312]
Event: 0.651 Thread 0x0000017b21c411f0 Exception <a 'java/io/FileNotFoundException'{0x000000071b162408}> (0x000000071b162408) 
thrown [s\src\hotspot\share\prims\jni.cpp, line 520]
Event: 0.669 Thread 0x0000017b21c411f0 Exception <a 'java/io/FileNotFoundException'{0x000000071b18cca0}> (0x000000071b18cca0) 
thrown [s\src\hotspot\share\prims\jni.cpp, line 520]

ZGC Phase Switch (0 events):
No events

VM Operations (14 events):
Event: 0.421 Executing VM operation: HandshakeAllThreads (Deoptimize)
Event: 0.421 Executing VM operation: HandshakeAllThreads (Deoptimize) done
Event: 0.485 Executing VM operation: ChangeBreakpoints
Event: 0.485 Executing VM operation: ChangeBreakpoints done
Event: 0.485 Executing VM operation: ChangeBreakpoints
Event: 0.486 Executing VM operation: ChangeBreakpoints done
Event: 0.486 Executing VM operation: ChangeBreakpoints
Event: 0.486 Executing VM operation: ChangeBreakpoints done
Event: 1.925 Executing VM operation: HandshakeAllThreads (Deoptimize)
Event: 1.925 Executing VM operation: HandshakeAllThreads (Deoptimize) done
Event: 1.925 Executing VM operation: Cleanup
Event: 1.925 Executing VM operation: Cleanup done
Event: 4.961 Executing VM operation: Cleanup
Event: 4.961 Executing VM operation: Cleanup done

Memory protections (0 events):
No events

Nmethod flushes (0 events):
No events

Events (20 events):
Event: 0.344 Thread 0x0000017b21c411f0 Thread added: 0x0000017b43a17a60
Event: 0.452 Thread 0x0000017b43c76180 Thread added: 0x0000017b43d3feb0
Event: 0.638 Thread 0x0000017b43d3feb0 Thread exited: 0x0000017b43d3feb0
Event: 0.744 Thread 0x0000017b21c411f0 Thread added: 0x0000017b43a15990
Event: 0.747 Thread 0x0000017b21c411f0 Thread added: 0x0000017b43a166b0
Event: 0.750 Thread 0x0000017b21c411f0 Thread added: 0x0000017b43a173d0
Event: 0.853 Thread 0x0000017b21c411f0 Thread added: 0x0000017b43a180f0
Event: 0.853 Thread 0x0000017b21c411f0 Thread added: 0x0000017b43a15300
Event: 0.854 Thread 0x0000017b21c411f0 Thread exited: 0x0000017b21c411f0
Event: 0.854 Thread 0x0000017b43a16020 Thread added: 0x0000017b43a16020
Event: 1.926 Thread 0x0000017b43a166b0 Thread exited: 0x0000017b43a166b0
Event: 4.491 Thread 0x0000017b43a173d0 Thread added: 0x0000017b43a166b0
Event: 4.509 Thread 0x0000017b43a173d0 Thread added: 0x0000017b89206c30
Event: 4.521 Thread 0x0000017b43c7cc50 Thread exited: 0x0000017b43c7cc50
Event: 5.940 Thread 0x0000017b43c76180 Thread exited: 0x0000017b43c76180
Event: 6.022 Thread 0x0000017b43c73ac0 Thread exited: 0x0000017b43c73ac0
Event: 7.039 Thread 0x0000017b43a166b0 Thread exited: 0x0000017b43a166b0
Event: 7.039 Thread 0x0000017b89206c30 Thread exited: 0x0000017b89206c30
Event: 9.917 Thread 0x0000017b43a173d0 Thread added: 0x0000017b43a166b0
Event: 9.969 Thread 0x0000017b43a173d0 Thread added: 0x0000017b892065a0


Dynamic libraries:
0x00007ff6d6c80000 - 0x00007ff6d6c8e000 	C:\Users\Administrator\Desktop\BlueJ\jdk\bin\java.exe
0x00007ff88b060000 - 0x00007ff88b2c8000 	C:\WINDOWS\SYSTEM32\ntdll.dll
0x00007ff88a000000 - 0x00007ff88a0c9000 	C:\WINDOWS\System32\KERNEL32.DLL
0x00007ff888610000 - 0x00007ff8889fd000 	C:\WINDOWS\System32\KERNELBASE.dll
0x00007ff888cb0000 - 0x00007ff888dfb000 	C:\WINDOWS\System32\ucrtbase.dll
0x00007ff87f100000 - 0x00007ff87f118000 	C:\Users\Administrator\Desktop\BlueJ\jdk\bin\jli.dll
0x00007ff87f0e0000 - 0x00007ff87f0fb000 	C:\Users\Administrator\Desktop\BlueJ\jdk\bin\VCRUNTIME140.dll
0x00007ff88a920000 - 0x00007ff88aaec000 	C:\WINDOWS\System32\USER32.dll
0x00007ff8882e0000 - 0x00007ff888307000 	C:\WINDOWS\System32\win32u.dll
0x00007ff86d160000 - 0x00007ff86d3fa000 	C:\WINDOWS\WinSxS\amd64_microsoft.windows.common-controls_6595b64144ccf1df_6.0.26100.4484_none_3e0e6d4ce32ef3b3\COMCTL32.dll
0x00007ff88a870000 - 0x00007ff88a919000 	C:\WINDOWS\System32\msvcrt.dll
0x00007ff889fd0000 - 0x00007ff889ffb000 	C:\WINDOWS\System32\GDI32.dll
0x00007ff888b70000 - 0x00007ff888ca7000 	C:\WINDOWS\System32\gdi32full.dll
0x00007ff888a00000 - 0x00007ff888aa3000 	C:\WINDOWS\System32\msvcp_win.dll
0x00007ff88ad60000 - 0x00007ff88ad8f000 	C:\WINDOWS\System32\IMM32.DLL
0x00007ff87fa00000 - 0x00007ff87fa0c000 	C:\Users\Administrator\Desktop\BlueJ\jdk\bin\vcruntime140_1.dll
0x00007ff867900000 - 0x00007ff86798e000 	C:\Users\Administrator\Desktop\BlueJ\jdk\bin\msvcp140.dll
0x00007ffffbf60000 - 0x00007ffffcce8000 	C:\Users\Administrator\Desktop\BlueJ\jdk\bin\server\jvm.dll
0x00007ff88aed0000 - 0x00007ff88af84000 	C:\WINDOWS\System32\ADVAPI32.dll
0x00007ff88ada0000 - 0x00007ff88ae46000 	C:\WINDOWS\System32\sechost.dll
0x00007ff88a6b0000 - 0x00007ff88a7c8000 	C:\WINDOWS\System32\RPCRT4.dll
0x00007ff8893f0000 - 0x00007ff889464000 	C:\WINDOWS\System32\WS2_32.dll
0x00007ff888000000 - 0x00007ff88805e000 	C:\WINDOWS\SYSTEM32\POWRPROF.dll
0x00007ff87f6f0000 - 0x00007ff87f6fb000 	C:\WINDOWS\SYSTEM32\VERSION.dll
0x00007ff882c10000 - 0x00007ff882c45000 	C:\WINDOWS\SYSTEM32\WINMM.dll
0x00007ff887fe0000 - 0x00007ff887ff4000 	C:\WINDOWS\SYSTEM32\UMPDC.dll
0x00007ff886f10000 - 0x00007ff886f2b000 	C:\WINDOWS\SYSTEM32\kernel.appcore.dll
0x00007ff87f1b0000 - 0x00007ff87f1ba000 	C:\Users\Administrator\Desktop\BlueJ\jdk\bin\jimage.dll
0x00007ff885b00000 - 0x00007ff885d41000 	C:\WINDOWS\SYSTEM32\DBGHELP.DLL
0x00007ff889010000 - 0x00007ff889396000 	C:\WINDOWS\System32\combase.dll
0x00007ff88a130000 - 0x00007ff88a210000 	C:\WINDOWS\System32\OLEAUT32.dll
0x00007ff86f030000 - 0x00007ff86f073000 	C:\WINDOWS\SYSTEM32\dbgcore.DLL
0x00007ff8881b0000 - 0x00007ff888249000 	C:\WINDOWS\System32\bcryptPrimitives.dll
0x00007ff880d40000 - 0x00007ff880d7c000 	C:\Users\Administrator\Desktop\BlueJ\jdk\bin\jdwp.dll
0x00007ff87b970000 - 0x00007ff87b98f000 	C:\Users\Administrator\Desktop\BlueJ\jdk\bin\java.dll
0x00007ff889470000 - 0x00007ff889bba000 	C:\WINDOWS\System32\SHELL32.dll
0x00007ff888310000 - 0x00007ff888484000 	C:\WINDOWS\System32\wintypes.dll
0x00007ff885db0000 - 0x00007ff88660b000 	C:\WINDOWS\SYSTEM32\windows.storage.dll
0x00007ff888f10000 - 0x00007ff889005000 	C:\WINDOWS\System32\SHCORE.dll
0x00007ff889bc0000 - 0x00007ff889c2a000 	C:\WINDOWS\System32\shlwapi.dll
0x00007ff8880c0000 - 0x00007ff8880ef000 	C:\WINDOWS\SYSTEM32\profapi.dll
0x00007ff836840000 - 0x00007ff836917000 	C:\Users\Administrator\Desktop\BlueJ\jdk\bin\jsvml.dll
0x00007ff873020000 - 0x00007ff87302b000 	C:\Users\Administrator\Desktop\BlueJ\jdk\bin\dt_shmem.dll
0x00007ff87bd80000 - 0x00007ff87bd90000 	C:\Users\Administrator\Desktop\bluej\jdk\bin\net.dll
0x00007ff87e5a0000 - 0x00007ff87e6be000 	C:\WINDOWS\SYSTEM32\WINHTTP.dll
0x00007ff887480000 - 0x00007ff8874ea000 	C:\WINDOWS\system32\mswsock.dll
0x00007ff87b8b0000 - 0x00007ff87b8c6000 	C:\Users\Administrator\Desktop\bluej\jdk\bin\nio.dll
0x00007ff87b550000 - 0x00007ff87b568000 	C:\Users\Administrator\Desktop\bluej\jdk\bin\zip.dll
0x00007ff880760000 - 0x00007ff8808ee000 	C:\Users\Administrator\Desktop\bluej\jdk\bin\awt.dll
0x00007ff884b70000 - 0x00007ff884c0e000 	C:\WINDOWS\SYSTEM32\apphelp.dll
0x00007ff884e40000 - 0x00007ff884eef000 	C:\WINDOWS\system32\uxtheme.dll
0x00007ff88ab40000 - 0x00007ff88aca0000 	C:\WINDOWS\System32\MSCTF.dll
0x00007ff889c30000 - 0x00007ff889dce000 	C:\WINDOWS\System32\ole32.dll
0x00007ff885160000 - 0x00007ff885196000 	C:\WINDOWS\system32\DWMAPI.DLL
0x00007ff82bdf0000 - 0x00007ff82bf08000 	C:\WINDOWS\system32\opengl32.dll
0x00007ff880c30000 - 0x00007ff880c5d000 	C:\WINDOWS\SYSTEM32\GLU32.dll
0x00007ff884f40000 - 0x00007ff884f8d000 	C:\WINDOWS\SYSTEM32\dxcore.dll

dbghelp: loaded successfully - version: 4.0.5 - missing functions: none
symbol engine: initialized successfully - sym options: 0x614 - pdb path: .;C:\Users\Administrator\Desktop\BlueJ\jdk\bin;C:\WINDOWS\SYSTEM32;C:\WINDOWS\WinSxS\amd64_microsoft.windows.common-controls_6595b64144ccf1df_6.0.26100.4484_none_3e0e6d4ce32ef3b3;C:\Users\Administrator\Desktop\BlueJ\jdk\bin\server

VM Arguments:
jvm_args: -ea -agentlib:jdwp=transport=dt_shmem,address=javadebug -Dfile.encoding=UTF-8 
java_command: bluej.runtime.ExecServer UTF-8
java_class_path (initial): C:\Users\Administrator\Desktop\bluej\lib\bluejcore.jar;C:\Users\Administrator\Desktop\bluej\lib\javafx-base-21.0.3-win.jar;C:\Users\Administrator\Desktop\bluej\lib\javafx-controls-21.0.3-win.jar;C:\Users\Administrator\Desktop\bluej\lib\javafx-fxml-21.0.3-win.jar;C:\Users\Administrator\Desktop\bluej\lib\javafx-graphics-21.0.3-win.jar;C:\Users\Administrator\Desktop\bluej\lib\javafx-media-21.0.3-win.jar;C:\Users\Administrator\Desktop\bluej\lib\javafx-swing-21.0.3-win.jar;C:\Users\Administrator\Desktop\bluej\lib\javafx-web-21.0.3-win.jar;C:\Users\Administrator\Desktop\bluej\lib\junit-4.12.jar;C:\Users\Administrator\Desktop\bluej\lib\junit-jupiter-5.5.2.jar;C:\Users\Administrator\Desktop\bluej\lib\junit-jupiter-api-5.5.2.jar;C:\Users\Administrator\Desktop\bluej\lib\junit-jupiter-engine-5.5.2.jar;C:\Users\Administrator\Desktop\bluej\lib\junit-jupiter-params-5.5.2.jar;C:\Users\Administrator\Desktop\bluej\lib\junit-platform-commons-1.5.2.jar;C:\Users\Administrator\Desktop\bluej\lib\junit-platform-engine-1.5.2.jar;C:\Users\Administrator\Desktop\bluej\lib\junit-platform-launcher-1.5.2.jar;C:\Users\Administrator\Desktop\bluej\lib\junit-platform-suite-api-1.5.2.jar;C:\Users\Administrator\Desktop\bluej\lib\junit-vintage-engine-5.5.2.jar;C:\Users\Administrator\Desktop\bluej\lib\hamcrest-core-1.3.jar;C:\Users\Administrator\Desktop\bluej\lib\opentest4j-1.2.0.jar;C:\Users\Administrator\Desktop\bluej\lib\lang-stride.jar;C:\Users\Administrator\Desktop\bluej\lib\javafx\javafx.base.jar;C:\Users\Administrator\Desktop\bluej\lib\javafx\javafx.controls.jar;C:\Users\Administrator\Desktop\bluej\lib\javafx\javafx.fxml.jar;C:\Users\Administrator\Desktop\bluej\lib\javafx\javafx.graphics.jar;C:\Users\Administrator\Desktop\bluej\lib\javafx\javafx.media.jar;C:\Users\Administrator\Desktop\bluej\lib\javafx\javafx.properties.jar;C:\Users\Administrator\Desktop\bluej\lib\javafx\javafx.swing.jar;C:\Users\Administrator\Desktop\bluej\lib\javafx\javafx.web.jar
Launcher Type: SUN_STANDARD

[Global flags]
     intx CICompilerCount                          = 12                                        {product} {ergonomic}
     uint ConcGCThreads                            = 3                                         {product} {ergonomic}
     uint G1ConcRefinementThreads                  = 13                                        {product} {ergonomic}
   size_t G1HeapRegionSize                         = 2097152                                   {product} {ergonomic}
    uintx GCDrainStackTargetSize                   = 64                                        {product} {ergonomic}
   size_t InitialHeapSize                          = 255852544                                 {product} {ergonomic}
   size_t MarkStackSize                            = 4194304                                   {product} {ergonomic}
   size_t MaxHeapSize                              = 4091543552                                {product} {ergonomic}
   size_t MaxNewSize                               = 2453667840                                {product} {ergonomic}
   size_t MinHeapDeltaBytes                        = 2097152                                   {product} {ergonomic}
   size_t MinHeapSize                              = 8388608                                   {product} {ergonomic}
    uintx NonNMethodCodeHeapSize                   = 7602480                                {pd product} {ergonomic}
    uintx NonProfiledCodeHeapSize                  = 122027880                              {pd product} {ergonomic}
    uintx ProfiledCodeHeapSize                     = 122027880                              {pd product} {ergonomic}
    uintx ReservedCodeCacheSize                    = 251658240                              {pd product} {ergonomic}
     bool SegmentedCodeCache                       = true                                      {product} {ergonomic}
   size_t SoftMaxHeapSize                          = 4091543552                             {manageable} {ergonomic}
     bool UseCompressedOops                        = true                           {product lp64_product} {ergonomic}
     bool UseG1GC                                  = true                                      {product} {ergonomic}
     bool UseLargePagesIndividualAllocation        = false                                  {pd product} {ergonomic}

Logging:
Log output configuration:
 #0: stdout all=warning uptime,level,tags foldmultilines=false
 #1: stderr all=off uptime,level,tags foldmultilines=false

Environment Variables:
PATH=C:\Program Files\Common Files\Oracle\Java\javapath;C:\WINDOWS\system32;C:\WINDOWS;C:\WINDOWS\System32\Wbem;C:\WINDOWS\System32\WindowsPowerShell\v1.0\;C:\WINDOWS\System32\OpenSSH\;C:\Program Files\dotnet\;C:\Program Files\Java\jdk-23\bin;C:\Users\Administrator\AppData\Local\Microsoft\WindowsApps;C:\Users\Administrator\AppData\Local\Programs\Microsoft VS Code\bin;
USERNAME=Kritee
OS=Windows_NT
PROCESSOR_IDENTIFIER=Intel64 Family 6 Model 154 Stepping 3, GenuineIntel
TMP=C:\Users\ADMINI~1\AppData\Local\Temp
TEMP=C:\Users\ADMINI~1\AppData\Local\Temp




Periodic native trim disabled

---------------  S Y S T E M  ---------------

OS:
 Windows 11 , 64 bit Build 26100 (10.0.26100.4484)
OS uptime: 5 days 17:05 hours
Hyper-V role detected

CPU: total 16 (initial active 16) (8 cores per cpu, 2 threads per core) family 6 model 154 stepping 3 microcode 0x437, cx8, cmov, fxsr, ht, mmx, 3dnowpref, sse, sse2, sse3, ssse3, sse4.1, sse4.2, popcnt, lzcnt, tsc, tscinvbit, avx, avx2, aes, erms, clmul, bmi1, bmi2, adx, sha, fma, vzeroupper, clflush, clflushopt, clwb, hv, serialize, rdtscp, rdpid, fsrm, f16c, cet_ibt, cet_ss
Processor Information for processor 0
  Max Mhz: 1700, Current Mhz: 1457, Mhz Limit: 1700
Processor Information for processor 1
  Max Mhz: 1700, Current Mhz: 1700, Mhz Limit: 1700
Processor Information for processor 2
  Max Mhz: 1700, Current Mhz: 1700, Mhz Limit: 1700
Processor Information for processor 3
  Max Mhz: 1700, Current Mhz: 1700, Mhz Limit: 1700
Processor Information for processor 4
  Max Mhz: 1700, Current Mhz: 1700, Mhz Limit: 1700
Processor Information for processor 5
  Max Mhz: 1700, Current Mhz: 1700, Mhz Limit: 1700
Processor Information for processor 6
  Max Mhz: 1700, Current Mhz: 1700, Mhz Limit: 1700
Processor Information for processor 7
  Max Mhz: 1700, Current Mhz: 1700, Mhz Limit: 1700
Processor Information for processor 8
  Max Mhz: 1700, Current Mhz: 1558, Mhz Limit: 1700
Processor Information for processor 9
  Max Mhz: 1700, Current Mhz: 1700, Mhz Limit: 1700
Processor Information for processor 10
  Max Mhz: 1700, Current Mhz: 1558, Mhz Limit: 1700
Processor Information for processor 11
  Max Mhz: 1700, Current Mhz: 1558, Mhz Limit: 1700
Processor Information for processor 12
  Max Mhz: 1700, Current Mhz: 1558, Mhz Limit: 1700
Processor Information for processor 13
  Max Mhz: 1700, Current Mhz: 1558, Mhz Limit: 1700
Processor Information for processor 14
  Max Mhz: 1700, Current Mhz: 1558, Mhz Limit: 1700
Processor Information for processor 15
  Max Mhz: 1700, Current Mhz: 1558, Mhz Limit: 1700

Memory: 4k page, system-wide physical 15606M (4332M free)
TotalPageFile size 16630M (AvailPageFile size 3756M)
current process WorkingSet (physical memory assigned to process): 50M, peak: 50M
current process commit charge ("private bytes"): 344M, peak: 345M

vm_info: OpenJDK 64-Bit Server VM (21.0.4+7-LTS) for windows-amd64 JRE (21.0.4+7-LTS), built on 2024-07-16T00:00:00Z by "admin" with MS VC++ 17.7 (VS2022)

END.
